Determining if the include file pthread.h exists failed with the following output:
Change Dir: E:/Projects/Github/cmp5359-cg-milestones-20-21-JamesPhilipPrice/Code/PBRT/PBRT/CMakeFiles/CMakeTmp

Run Build Command(s):C:/Program Files (x86)/Microsoft Visual Studio/2019/Community/MSBuild/Current/Bin/MSBuild.exe cmTC_8a6ad.vcxproj /p:Configuration=Debug /p:Platform=x64 /p:VisualStudioVersion=16.0 /v:m && Microsoft (R) Build Engine version 16.8.2+25e4d540b for .NET Framework
Copyright (C) Microsoft Corporation. All rights reserved.

  Microsoft (R) C/C++ Optimizing Compiler Version 19.28.29335 for x64
  Copyright (C) Microsoft Corporation.  All rights reserved.
  CheckIncludeFile.c
  cl /c /Zi /W3 /WX- /diagnostics:column /Od /Ob0 /D WIN32 /D _WINDOWS /D "CMAKE_INTDIR=\"Debug\"" /D _MBCS /Gm- /RTC1 /MDd /GS /fp:precise /Zc:wchar_t /Zc:forScope /Zc:inline /Fo"cmTC_8a6ad.dir\Debug\\" /Fd"cmTC_8a6ad.dir\Debug\vc142.pdb" /Gd /TC /errorReport:queue "E:\Projects\Github\cmp5359-cg-milestones-20-21-JamesPhilipPrice\Code\PBRT\PBRT\CMakeFiles\CMakeTmp\CheckIncludeFile.c"
E:\Projects\Github\cmp5359-cg-milestones-20-21-JamesPhilipPrice\Code\PBRT\PBRT\CMakeFiles\CMakeTmp\CheckIncludeFile.c(1,10): fatal error C1083: Cannot open include file: 'pthread.h': No such file or directory [E:\Projects\Github\cmp5359-cg-milestones-20-21-JamesPhilipPrice\Code\PBRT\PBRT\CMakeFiles\CMakeTmp\cmTC_8a6ad.vcxproj]



Determining if files alloca.h exist failed with the following output:
Change Dir: E:/Projects/Github/cmp5359-cg-milestones-20-21-JamesPhilipPrice/Code/PBRT/PBRT/CMakeFiles/CMakeTmp

Run Build Command(s):C:/Program Files (x86)/Microsoft Visual Studio/2019/Community/MSBuild/Current/Bin/MSBuild.exe cmTC_ab6c8.vcxproj /p:Configuration=Debug /p:Platform=x64 /p:VisualStudioVersion=16.0 /v:m && Microsoft (R) Build Engine version 16.8.2+25e4d540b for .NET Framework
Copyright (C) Microsoft Corporation. All rights reserved.

  Microsoft (R) C/C++ Optimizing Compiler Version 19.28.29335 for x64
  Copyright (C) Microsoft Corporation.  All rights reserved.
  HAVE_ALLOCA_H.c
  cl /c /Zi /W3 /WX- /diagnostics:column /Od /Ob0 /D WIN32 /D _WINDOWS /D "CMAKE_INTDIR=\"Debug\"" /D _MBCS /Gm- /RTC1 /MDd /GS /fp:precise /Zc:wchar_t /Zc:forScope /Zc:inline /Fo"cmTC_ab6c8.dir\Debug\\" /Fd"cmTC_ab6c8.dir\Debug\vc142.pdb" /Gd /TC /errorReport:queue "E:\Projects\Github\cmp5359-cg-milestones-20-21-JamesPhilipPrice\Code\PBRT\PBRT\CMakeFiles\CheckIncludeFiles\HAVE_ALLOCA_H.c"
E:\Projects\Github\cmp5359-cg-milestones-20-21-JamesPhilipPrice\Code\PBRT\PBRT\CMakeFiles\CheckIncludeFiles\HAVE_ALLOCA_H.c(2,10): fatal error C1083: Cannot open include file: 'alloca.h': No such file or directory [E:\Projects\Github\cmp5359-cg-milestones-20-21-JamesPhilipPrice\Code\PBRT\PBRT\CMakeFiles\CMakeTmp\cmTC_ab6c8.vcxproj]


Source:
/* */
#include <alloca.h>


int main(void){return 0;}

Performing C++ SOURCE FILE Test HAVE_ITIMER failed with the following compile output:
Change Dir: E:/Projects/Github/cmp5359-cg-milestones-20-21-JamesPhilipPrice/Code/PBRT/PBRT/CMakeFiles/CMakeTmp

Run Build Command(s):C:/Program Files (x86)/Microsoft Visual Studio/2019/Community/MSBuild/Current/Bin/MSBuild.exe cmTC_16405.vcxproj /p:Configuration=Debug /p:Platform=x64 /p:VisualStudioVersion=16.0 /v:m && Microsoft (R) Build Engine version 16.8.2+25e4d540b for .NET Framework
Copyright (C) Microsoft Corporation. All rights reserved.

  Microsoft (R) C/C++ Optimizing Compiler Version 19.28.29335 for x64
  Copyright (C) Microsoft Corporation.  All rights reserved.
  src.cxx
  cl /c /Zi /W3 /WX- /diagnostics:column /Od /Ob0 /D WIN32 /D _WINDOWS /D HAVE_ITIMER /D "CMAKE_INTDIR=\"Debug\"" /D _MBCS /Gm- /EHsc /RTC1 /MDd /GS /fp:precise /Zc:wchar_t /Zc:forScope /Zc:inline /GR /Fo"cmTC_16405.dir\Debug\\" /Fd"cmTC_16405.dir\Debug\vc142.pdb" /Gd /TP /errorReport:queue "E:\Projects\Github\cmp5359-cg-milestones-20-21-JamesPhilipPrice\Code\PBRT\PBRT\CMakeFiles\CMakeTmp\src.cxx"
E:\Projects\Github\cmp5359-cg-milestones-20-21-JamesPhilipPrice\Code\PBRT\PBRT\CMakeFiles\CMakeTmp\src.cxx(4,10): fatal error C1083: Cannot open include file: 'sys/time.h': No such file or directory [E:\Projects\Github\cmp5359-cg-milestones-20-21-JamesPhilipPrice\Code\PBRT\PBRT\CMakeFiles\CMakeTmp\cmTC_16405.vcxproj]


...and run output:

Return value: 1
Source file was:

#include <signal.h>
#include <string.h>
#include <sys/time.h>
void ReportProfileSample(int, siginfo_t *, void *) { }
int main() {
    struct sigaction sa;
    memset(&sa, 0, sizeof(sa));
    sa.sa_sigaction = ReportProfileSample;
    sa.sa_flags = SA_RESTART | SA_SIGINFO;
    sigemptyset(&sa.sa_mask);
    sigaction(SIGPROF, &sa, NULL);
    static struct itimerval timer;
    return setitimer(ITIMER_PROF, &timer, NULL) == 0 ? 0 : 1;
}

Performing C++ SOURCE FILE Test HAVE_MMAP failed with the following output:
Change Dir: E:/Projects/Github/cmp5359-cg-milestones-20-21-JamesPhilipPrice/Code/PBRT/PBRT/CMakeFiles/CMakeTmp

Run Build Command(s):C:/Program Files (x86)/Microsoft Visual Studio/2019/Community/MSBuild/Current/Bin/MSBuild.exe cmTC_657e0.vcxproj /p:Configuration=Debug /p:Platform=x64 /p:VisualStudioVersion=16.0 /v:m && Microsoft (R) Build Engine version 16.8.2+25e4d540b for .NET Framework
Copyright (C) Microsoft Corporation. All rights reserved.

  Microsoft (R) C/C++ Optimizing Compiler Version 19.28.29335 for x64
  Copyright (C) Microsoft Corporation.  All rights reserved.
  src.cxx
  cl /c /Zi /W3 /WX- /diagnostics:column /Od /Ob0 /D WIN32 /D _WINDOWS /D HAVE_MMAP /D "CMAKE_INTDIR=\"Debug\"" /D _MBCS /Gm- /EHsc /RTC1 /MDd /GS /fp:precise /Zc:wchar_t /Zc:forScope /Zc:inline /GR /Fo"cmTC_657e0.dir\Debug\\" /Fd"cmTC_657e0.dir\Debug\vc142.pdb" /Gd /TP /errorReport:queue "E:\Projects\Github\cmp5359-cg-milestones-20-21-JamesPhilipPrice\Code\PBRT\PBRT\CMakeFiles\CMakeTmp\src.cxx"
E:\Projects\Github\cmp5359-cg-milestones-20-21-JamesPhilipPrice\Code\PBRT\PBRT\CMakeFiles\CMakeTmp\src.cxx(3,10): fatal error C1083: Cannot open include file: 'sys/mman.h': No such file or directory [E:\Projects\Github\cmp5359-cg-milestones-20-21-JamesPhilipPrice\Code\PBRT\PBRT\CMakeFiles\CMakeTmp\cmTC_657e0.vcxproj]


Source file was:

#include <fcntl.h>
#include <sys/mman.h>
#include <sys/stat.h>
#include <sys/types.h>
int main() {
   int fd = open("foo", O_RDONLY);
   struct stat s;
   fstat(fd, &s);
   size_t len = s.st_size;
   void *ptr = mmap(0, len, PROT_READ, MAP_FILE | MAP_SHARED, fd, 0);
   munmap(ptr, len);   
}

Performing C++ SOURCE FILE Test HAVE_ATTRIBUTE_NOINLINE failed with the following output:
Change Dir: E:/Projects/Github/cmp5359-cg-milestones-20-21-JamesPhilipPrice/Code/PBRT/PBRT/CMakeFiles/CMakeTmp

Run Build Command(s):C:/Program Files (x86)/Microsoft Visual Studio/2019/Community/MSBuild/Current/Bin/MSBuild.exe cmTC_822a9.vcxproj /p:Configuration=Debug /p:Platform=x64 /p:VisualStudioVersion=16.0 /v:m && Microsoft (R) Build Engine version 16.8.2+25e4d540b for .NET Framework
Copyright (C) Microsoft Corporation. All rights reserved.

  Microsoft (R) C/C++ Optimizing Compiler Version 19.28.29335 for x64
  Copyright (C) Microsoft Corporation.  All rights reserved.
  src.cxx
  cl /c /Zi /W3 /WX- /diagnostics:column /Od /Ob0 /D WIN32 /D _WINDOWS /D HAVE_ATTRIBUTE_NOINLINE /D "CMAKE_INTDIR=\"Debug\"" /D _MBCS /Gm- /EHsc /RTC1 /MDd /GS /fp:precise /Zc:wchar_t /Zc:forScope /Zc:inline /GR /Fo"cmTC_822a9.dir\Debug\\" /Fd"cmTC_822a9.dir\Debug\vc142.pdb" /Gd /TP /errorReport:queue "E:\Projects\Github\cmp5359-cg-milestones-20-21-JamesPhilipPrice\Code\PBRT\PBRT\CMakeFiles\CMakeTmp\src.cxx"
E:\Projects\Github\cmp5359-cg-milestones-20-21-JamesPhilipPrice\Code\PBRT\PBRT\CMakeFiles\CMakeTmp\src.cxx(1,16): error C2065: 'noinline': undeclared identifier [E:\Projects\Github\cmp5359-cg-milestones-20-21-JamesPhilipPrice\Code\PBRT\PBRT\CMakeFiles\CMakeTmp\cmTC_822a9.vcxproj]
E:\Projects\Github\cmp5359-cg-milestones-20-21-JamesPhilipPrice\Code\PBRT\PBRT\CMakeFiles\CMakeTmp\src.cxx(1,25): error C4430: missing type specifier - int assumed. Note: C++ does not support default-int [E:\Projects\Github\cmp5359-cg-milestones-20-21-JamesPhilipPrice\Code\PBRT\PBRT\CMakeFiles\CMakeTmp\cmTC_822a9.vcxproj]
E:\Projects\Github\cmp5359-cg-milestones-20-21-JamesPhilipPrice\Code\PBRT\PBRT\CMakeFiles\CMakeTmp\src.cxx(1,32): error C2448: '__attribute__': function-style initializer appears to be a function definition [E:\Projects\Github\cmp5359-cg-milestones-20-21-JamesPhilipPrice\Code\PBRT\PBRT\CMakeFiles\CMakeTmp\cmTC_822a9.vcxproj]


Source file was:
__attribute__((noinline)) void foo() { }
int main() { }
Performing C++ SOURCE FILE Test HAVE_POSIX_MEMALIGN failed with the following output:
Change Dir: E:/Projects/Github/cmp5359-cg-milestones-20-21-JamesPhilipPrice/Code/PBRT/PBRT/CMakeFiles/CMakeTmp

Run Build Command(s):C:/Program Files (x86)/Microsoft Visual Studio/2019/Community/MSBuild/Current/Bin/MSBuild.exe cmTC_1c6a3.vcxproj /p:Configuration=Debug /p:Platform=x64 /p:VisualStudioVersion=16.0 /v:m && Microsoft (R) Build Engine version 16.8.2+25e4d540b for .NET Framework
Copyright (C) Microsoft Corporation. All rights reserved.

  Microsoft (R) C/C++ Optimizing Compiler Version 19.28.29335 for x64
  Copyright (C) Microsoft Corporation.  All rights reserved.
  src.cxx
  cl /c /Zi /W3 /WX- /diagnostics:column /Od /Ob0 /D WIN32 /D _WINDOWS /D HAVE_POSIX_MEMALIGN /D "CMAKE_INTDIR=\"Debug\"" /D _MBCS /Gm- /EHsc /RTC1 /MDd /GS /fp:precise /Zc:wchar_t /Zc:forScope /Zc:inline /GR /Fo"cmTC_1c6a3.dir\Debug\\" /Fd"cmTC_1c6a3.dir\Debug\vc142.pdb" /Gd /TP /errorReport:queue "E:\Projects\Github\cmp5359-cg-milestones-20-21-JamesPhilipPrice\Code\PBRT\PBRT\CMakeFiles\CMakeTmp\src.cxx"
E:\Projects\Github\cmp5359-cg-milestones-20-21-JamesPhilipPrice\Code\PBRT\PBRT\CMakeFiles\CMakeTmp\src.cxx(5,3): error C3861: 'posix_memalign': identifier not found [E:\Projects\Github\cmp5359-cg-milestones-20-21-JamesPhilipPrice\Code\PBRT\PBRT\CMakeFiles\CMakeTmp\cmTC_1c6a3.vcxproj]


Source file was:

#include <stdlib.h>
int main() {
  void *ptr;
  posix_memalign(&ptr, 32, 1024);
} 
Performing C++ SOURCE FILE Test HAVE_MEMALIGN failed with the following output:
Change Dir: E:/Projects/Github/cmp5359-cg-milestones-20-21-JamesPhilipPrice/Code/PBRT/PBRT/CMakeFiles/CMakeTmp

Run Build Command(s):C:/Program Files (x86)/Microsoft Visual Studio/2019/Community/MSBuild/Current/Bin/MSBuild.exe cmTC_c9119.vcxproj /p:Configuration=Debug /p:Platform=x64 /p:VisualStudioVersion=16.0 /v:m && Microsoft (R) Build Engine version 16.8.2+25e4d540b for .NET Framework
Copyright (C) Microsoft Corporation. All rights reserved.

  Microsoft (R) C/C++ Optimizing Compiler Version 19.28.29335 for x64
  Copyright (C) Microsoft Corporation.  All rights reserved.
  src.cxx
  cl /c /Zi /W3 /WX- /diagnostics:column /Od /Ob0 /D WIN32 /D _WINDOWS /D HAVE_MEMALIGN /D "CMAKE_INTDIR=\"Debug\"" /D _MBCS /Gm- /EHsc /RTC1 /MDd /GS /fp:precise /Zc:wchar_t /Zc:forScope /Zc:inline /GR /Fo"cmTC_c9119.dir\Debug\\" /Fd"cmTC_c9119.dir\Debug\vc142.pdb" /Gd /TP /errorReport:queue "E:\Projects\Github\cmp5359-cg-milestones-20-21-JamesPhilipPrice\Code\PBRT\PBRT\CMakeFiles\CMakeTmp\src.cxx"
E:\Projects\Github\cmp5359-cg-milestones-20-21-JamesPhilipPrice\Code\PBRT\PBRT\CMakeFiles\CMakeTmp\src.cxx(4,17): error C3861: 'memalign': identifier not found [E:\Projects\Github\cmp5359-cg-milestones-20-21-JamesPhilipPrice\Code\PBRT\PBRT\CMakeFiles\CMakeTmp\cmTC_c9119.vcxproj]


Source file was:

#include <malloc.h>
int main() {
    void *ptr = memalign(32, 1024);
} 
Performing C++ SOURCE FILE Test HAVE___THREAD failed with the following output:
Change Dir: E:/Projects/Github/cmp5359-cg-milestones-20-21-JamesPhilipPrice/Code/PBRT/PBRT/CMakeFiles/CMakeTmp

Run Build Command(s):C:/Program Files (x86)/Microsoft Visual Studio/2019/Community/MSBuild/Current/Bin/MSBuild.exe cmTC_5d0c8.vcxproj /p:Configuration=Debug /p:Platform=x64 /p:VisualStudioVersion=16.0 /v:m && Microsoft (R) Build Engine version 16.8.2+25e4d540b for .NET Framework
Copyright (C) Microsoft Corporation. All rights reserved.

  Microsoft (R) C/C++ Optimizing Compiler Version 19.28.29335 for x64
  Copyright (C) Microsoft Corporation.  All rights reserved.
  src.cxx
  cl /c /Zi /W3 /WX- /diagnostics:column /Od /Ob0 /D WIN32 /D _WINDOWS /D HAVE___THREAD /D "CMAKE_INTDIR=\"Debug\"" /D _MBCS /Gm- /EHsc /RTC1 /MDd /GS /fp:precise /Zc:wchar_t /Zc:forScope /Zc:inline /GR /Fo"cmTC_5d0c8.dir\Debug\\" /Fd"cmTC_5d0c8.dir\Debug\vc142.pdb" /Gd /TP /errorReport:queue "E:\Projects\Github\cmp5359-cg-milestones-20-21-JamesPhilipPrice\Code\PBRT\PBRT\CMakeFiles\CMakeTmp\src.cxx"
E:\Projects\Github\cmp5359-cg-milestones-20-21-JamesPhilipPrice\Code\PBRT\PBRT\CMakeFiles\CMakeTmp\src.cxx(2,10): error C2144: syntax error: 'int' should be preceded by ';' [E:\Projects\Github\cmp5359-cg-milestones-20-21-JamesPhilipPrice\Code\PBRT\PBRT\CMakeFiles\CMakeTmp\cmTC_5d0c8.vcxproj]
E:\Projects\Github\cmp5359-cg-milestones-20-21-JamesPhilipPrice\Code\PBRT\PBRT\CMakeFiles\CMakeTmp\src.cxx(2,14): error C4430: missing type specifier - int assumed. Note: C++ does not support default-int [E:\Projects\Github\cmp5359-cg-milestones-20-21-JamesPhilipPrice\Code\PBRT\PBRT\CMakeFiles\CMakeTmp\cmTC_5d0c8.vcxproj]


Source file was:

__thread int x; int main() { }

Determining size of off64_t failed with the following output:
Change Dir: E:/Projects/Github/cmp5359-cg-milestones-20-21-JamesPhilipPrice/Code/PBRT/PBRT/CMakeFiles/CMakeTmp

Run Build Command(s):C:/Program Files (x86)/Microsoft Visual Studio/2019/Community/MSBuild/Current/Bin/MSBuild.exe cmTC_7c0b6.vcxproj /p:Configuration=Debug /p:Platform=x64 /p:VisualStudioVersion=16.0 /v:m && Microsoft (R) Build Engine version 16.8.2+25e4d540b for .NET Framework
Copyright (C) Microsoft Corporation. All rights reserved.

  Microsoft (R) C/C++ Optimizing Compiler Version 19.28.29335 for x64
  Copyright (C) Microsoft Corporation.  All rights reserved.
  OFF64_T.c
  cl /c /Zi /W3 /WX- /diagnostics:column /Od /Ob0 /D WIN32 /D _WINDOWS /D _LARGEFILE64_SOURCE=1 /D HAVE_SYS_TYPES_H /D HAVE_STDINT_H /D HAVE_STDDEF_H /D "CMAKE_INTDIR=\"Debug\"" /D _MBCS /Gm- /RTC1 /MDd /GS /fp:precise /Zc:wchar_t /Zc:forScope /Zc:inline /Fo"cmTC_7c0b6.dir\Debug\\" /Fd"cmTC_7c0b6.dir\Debug\vc142.pdb" /Gd /TC /errorReport:queue "E:\Projects\Github\cmp5359-cg-milestones-20-21-JamesPhilipPrice\Code\PBRT\PBRT\CMakeFiles\CheckTypeSize\OFF64_T.c"
E:\Projects\Github\cmp5359-cg-milestones-20-21-JamesPhilipPrice\Code\PBRT\PBRT\CMakeFiles\CheckTypeSize\OFF64_T.c(29,12): error C2065: 'off64_t': undeclared identifier [E:\Projects\Github\cmp5359-cg-milestones-20-21-JamesPhilipPrice\Code\PBRT\PBRT\CMakeFiles\CMakeTmp\cmTC_7c0b6.vcxproj]
E:\Projects\Github\cmp5359-cg-milestones-20-21-JamesPhilipPrice\Code\PBRT\PBRT\CMakeFiles\CheckTypeSize\OFF64_T.c(30,12): error C2065: 'off64_t': undeclared identifier [E:\Projects\Github\cmp5359-cg-milestones-20-21-JamesPhilipPrice\Code\PBRT\PBRT\CMakeFiles\CMakeTmp\cmTC_7c0b6.vcxproj]
E:\Projects\Github\cmp5359-cg-milestones-20-21-JamesPhilipPrice\Code\PBRT\PBRT\CMakeFiles\CheckTypeSize\OFF64_T.c(31,12): error C2065: 'off64_t': undeclared identifier [E:\Projects\Github\cmp5359-cg-milestones-20-21-JamesPhilipPrice\Code\PBRT\PBRT\CMakeFiles\CMakeTmp\cmTC_7c0b6.vcxproj]
E:\Projects\Github\cmp5359-cg-milestones-20-21-JamesPhilipPrice\Code\PBRT\PBRT\CMakeFiles\CheckTypeSize\OFF64_T.c(32,12): error C2065: 'off64_t': undeclared identifier [E:\Projects\Github\cmp5359-cg-milestones-20-21-JamesPhilipPrice\Code\PBRT\PBRT\CMakeFiles\CMakeTmp\cmTC_7c0b6.vcxproj]
E:\Projects\Github\cmp5359-cg-milestones-20-21-JamesPhilipPrice\Code\PBRT\PBRT\CMakeFiles\CheckTypeSize\OFF64_T.c(33,12): error C2065: 'off64_t': undeclared identifier [E:\Projects\Github\cmp5359-cg-milestones-20-21-JamesPhilipPrice\Code\PBRT\PBRT\CMakeFiles\CMakeTmp\cmTC_7c0b6.vcxproj]


E:/Projects/Github/cmp5359-cg-milestones-20-21-JamesPhilipPrice/Code/PBRT/PBRT/CMakeFiles/CheckTypeSize/OFF64_T.c:
#include <sys/types.h>
#include <stdint.h>
#include <stddef.h>


#undef KEY
#if defined(__i386)
# define KEY '_','_','i','3','8','6'
#elif defined(__x86_64)
# define KEY '_','_','x','8','6','_','6','4'
#elif defined(__PPC64__)
# define KEY '_','_','P','P','C','6','4','_','_'
#elif defined(__ppc64__)
# define KEY '_','_','p','p','c','6','4','_','_'
#elif defined(__PPC__)
# define KEY '_','_','P','P','C','_','_'
#elif defined(__ppc__)
# define KEY '_','_','p','p','c','_','_'
#elif defined(__aarch64__)
# define KEY '_','_','a','a','r','c','h','6','4','_','_'
#elif defined(__ARM_ARCH_7A__)
# define KEY '_','_','A','R','M','_','A','R','C','H','_','7','A','_','_'
#elif defined(__ARM_ARCH_7S__)
# define KEY '_','_','A','R','M','_','A','R','C','H','_','7','S','_','_'
#endif

#define SIZE (sizeof(off64_t))
static char info_size[] =  {'I', 'N', 'F', 'O', ':', 's','i','z','e','[',
  ('0' + ((SIZE / 10000)%10)),
  ('0' + ((SIZE / 1000)%10)),
  ('0' + ((SIZE / 100)%10)),
  ('0' + ((SIZE / 10)%10)),
  ('0' +  (SIZE    % 10)),
  ']',
#ifdef KEY
  ' ','k','e','y','[', KEY, ']',
#endif
  '\0'};

#ifdef __CLASSIC_C__
int main(argc, argv) int argc; char *argv[];
#else
int main(int argc, char *argv[])
#endif
{
  int require = 0;
  require += info_size[argc];
  (void)argv;
  return require;
}


Determining if the function fseeko exists failed with the following output:
Change Dir: E:/Projects/Github/cmp5359-cg-milestones-20-21-JamesPhilipPrice/Code/PBRT/PBRT/CMakeFiles/CMakeTmp

Run Build Command(s):C:/Program Files (x86)/Microsoft Visual Studio/2019/Community/MSBuild/Current/Bin/MSBuild.exe cmTC_7b8b1.vcxproj /p:Configuration=Debug /p:Platform=x64 /p:VisualStudioVersion=16.0 /v:m && Microsoft (R) Build Engine version 16.8.2+25e4d540b for .NET Framework
Copyright (C) Microsoft Corporation. All rights reserved.

  Microsoft (R) C/C++ Optimizing Compiler Version 19.28.29335 for x64
  Copyright (C) Microsoft Corporation.  All rights reserved.
  CheckFunctionExists.c
  cl /c /Zi /W3 /WX- /diagnostics:column /Od /Ob0 /D WIN32 /D _WINDOWS /D CHECK_FUNCTION_EXISTS=fseeko /D "CMAKE_INTDIR=\"Debug\"" /D _MBCS /Gm- /RTC1 /MDd /GS /fp:precise /Zc:wchar_t /Zc:forScope /Zc:inline /Fo"cmTC_7b8b1.dir\Debug\\" /Fd"cmTC_7b8b1.dir\Debug\vc142.pdb" /Gd /TC /errorReport:queue "C:\Program Files\CMake\share\cmake-3.19\Modules\CheckFunctionExists.c"
CheckFunctionExists.obj : error LNK2019: unresolved external symbol fseeko referenced in function main [E:\Projects\Github\cmp5359-cg-milestones-20-21-JamesPhilipPrice\Code\PBRT\PBRT\CMakeFiles\CMakeTmp\cmTC_7b8b1.vcxproj]
E:\Projects\Github\cmp5359-cg-milestones-20-21-JamesPhilipPrice\Code\PBRT\PBRT\CMakeFiles\CMakeTmp\Debug\cmTC_7b8b1.exe : fatal error LNK1120: 1 unresolved externals [E:\Projects\Github\cmp5359-cg-milestones-20-21-JamesPhilipPrice\Code\PBRT\PBRT\CMakeFiles\CMakeTmp\cmTC_7b8b1.vcxproj]



Determining if the include file unistd.h exists failed with the following output:
Change Dir: E:/Projects/Github/cmp5359-cg-milestones-20-21-JamesPhilipPrice/Code/PBRT/PBRT/CMakeFiles/CMakeTmp

Run Build Command(s):C:/Program Files (x86)/Microsoft Visual Studio/2019/Community/MSBuild/Current/Bin/MSBuild.exe cmTC_195b2.vcxproj /p:Configuration=Debug /p:Platform=x64 /p:VisualStudioVersion=16.0 /v:m && Microsoft (R) Build Engine version 16.8.2+25e4d540b for .NET Framework
Copyright (C) Microsoft Corporation. All rights reserved.

  Microsoft (R) C/C++ Optimizing Compiler Version 19.28.29335 for x64
  Copyright (C) Microsoft Corporation.  All rights reserved.
  CheckIncludeFile.c
  cl /c /Zi /W3 /WX- /diagnostics:column /Od /Ob0 /D WIN32 /D _WINDOWS /D "CMAKE_INTDIR=\"Debug\"" /D _MBCS /Gm- /RTC1 /MDd /GS /fp:precise /Zc:wchar_t /Zc:forScope /Zc:inline /Fo"cmTC_195b2.dir\Debug\\" /Fd"cmTC_195b2.dir\Debug\vc142.pdb" /Gd /TC /errorReport:queue "E:\Projects\Github\cmp5359-cg-milestones-20-21-JamesPhilipPrice\Code\PBRT\PBRT\CMakeFiles\CMakeTmp\CheckIncludeFile.c"
E:\Projects\Github\cmp5359-cg-milestones-20-21-JamesPhilipPrice\Code\PBRT\PBRT\CMakeFiles\CMakeTmp\CheckIncludeFile.c(1,10): fatal error C1083: Cannot open include file: 'unistd.h': No such file or directory [E:\Projects\Github\cmp5359-cg-milestones-20-21-JamesPhilipPrice\Code\PBRT\PBRT\CMakeFiles\CMakeTmp\cmTC_195b2.vcxproj]



Performing C++ SOURCE FILE Test HAVE_GCC_INLINE_ASM_AVX failed with the following output:
Change Dir: E:/Projects/Github/cmp5359-cg-milestones-20-21-JamesPhilipPrice/Code/PBRT/PBRT/CMakeFiles/CMakeTmp

Run Build Command(s):C:/Program Files (x86)/Microsoft Visual Studio/2019/Community/MSBuild/Current/Bin/MSBuild.exe cmTC_38b7c.vcxproj /p:Configuration=Debug /p:Platform=x64 /p:VisualStudioVersion=16.0 /v:m && Microsoft (R) Build Engine version 16.8.2+25e4d540b for .NET Framework
Copyright (C) Microsoft Corporation. All rights reserved.

  Microsoft (R) C/C++ Optimizing Compiler Version 19.28.29335 for x64
  Copyright (C) Microsoft Corporation.  All rights reserved.
  src.cxx
  cl /c /Zi /W3 /WX- /diagnostics:column /Od /Ob0 /D WIN32 /D _WINDOWS /D HAVE_GCC_INLINE_ASM_AVX /D "CMAKE_INTDIR=\"Debug\"" /D _MBCS /Gm- /EHsc /RTC1 /MDd /GS /fp:precise /Zc:wchar_t /Zc:forScope /Zc:inline /GR /Fo"cmTC_38b7c.dir\Debug\\" /Fd"cmTC_38b7c.dir\Debug\vc142.pdb" /Gd /TP /wd4275 /wd4267 /wd4244 /wd4477 /wd4996 /wd4800 /wd4334 /wd4251 /wd4305 /wd4302 /wd4311 /wd4018 /errorReport:queue "E:\Projects\Github\cmp5359-cg-milestones-20-21-JamesPhilipPrice\Code\PBRT\PBRT\CMakeFiles\CMakeTmp\src.cxx"
E:\Projects\Github\cmp5359-cg-milestones-20-21-JamesPhilipPrice\Code\PBRT\PBRT\CMakeFiles\CMakeTmp\src.cxx(13,1): fatal error C1189: #error:  No GCC style inline asm supported for AVX instructions [E:\Projects\Github\cmp5359-cg-milestones-20-21-JamesPhilipPrice\Code\PBRT\PBRT\CMakeFiles\CMakeTmp\cmTC_38b7c.vcxproj]


Source file was:

	int main()
	{
	 #if defined(__GNUC__) && defined(__SSE2__)
		 int n   = 0;
		 int eax = 0;
		 int edx = 0;
		 __asm__(
			 "xgetbv     ;"
			 "vzeroupper  "
			 : "=a"(eax), "=d"(edx) : "c"(n) : );
	 #else
		 #error No GCC style inline asm supported for AVX instructions
	 #endif
	}
	
Performing C++ SOURCE FILE Test HAVE_SYSCONF_NPROCESSORS_ONLN failed with the following output:
Change Dir: E:/Projects/Github/cmp5359-cg-milestones-20-21-JamesPhilipPrice/Code/PBRT/PBRT/CMakeFiles/CMakeTmp

Run Build Command(s):C:/Program Files (x86)/Microsoft Visual Studio/2019/Community/MSBuild/Current/Bin/MSBuild.exe cmTC_c35b5.vcxproj /p:Configuration=Debug /p:Platform=x64 /p:VisualStudioVersion=16.0 /v:m && Microsoft (R) Build Engine version 16.8.2+25e4d540b for .NET Framework
Copyright (C) Microsoft Corporation. All rights reserved.

  Microsoft (R) C/C++ Optimizing Compiler Version 19.28.29335 for x64
  Copyright (C) Microsoft Corporation.  All rights reserved.
  src.cxx
  cl /c /Zi /W3 /WX- /diagnostics:column /Od /Ob0 /D WIN32 /D _WINDOWS /D HAVE_SYSCONF_NPROCESSORS_ONLN /D "CMAKE_INTDIR=\"Debug\"" /D _MBCS /Gm- /EHsc /RTC1 /MDd /GS /fp:precise /Zc:wchar_t /Zc:forScope /Zc:inline /GR /Fo"cmTC_c35b5.dir\Debug\\" /Fd"cmTC_c35b5.dir\Debug\vc142.pdb" /Gd /TP /wd4275 /wd4267 /wd4244 /wd4477 /wd4996 /wd4800 /wd4334 /wd4251 /wd4305 /wd4302 /wd4311 /wd4018 /errorReport:queue "E:\Projects\Github\cmp5359-cg-milestones-20-21-JamesPhilipPrice\Code\PBRT\PBRT\CMakeFiles\CMakeTmp\src.cxx"
E:\Projects\Github\cmp5359-cg-milestones-20-21-JamesPhilipPrice\Code\PBRT\PBRT\CMakeFiles\CMakeTmp\src.cxx(2,14): fatal error C1083: Cannot open include file: 'unistd.h': No such file or directory [E:\Projects\Github\cmp5359-cg-milestones-20-21-JamesPhilipPrice\Code\PBRT\PBRT\CMakeFiles\CMakeTmp\cmTC_c35b5.vcxproj]


Source file was:

    #include <unistd.h>
    int main()
    {
        sysconf(_SC_NPROCESSORS_ONLN);
    }
    
Determining if the include file dlfcn.h exists failed with the following output:
Change Dir: E:/Projects/Github/cmp5359-cg-milestones-20-21-JamesPhilipPrice/Code/PBRT/PBRT/CMakeFiles/CMakeTmp

Run Build Command(s):C:/Program Files (x86)/Microsoft Visual Studio/2019/Community/MSBuild/Current/Bin/MSBuild.exe cmTC_92820.vcxproj /p:Configuration=Debug /p:Platform=x64 /p:VisualStudioVersion=16.0 /v:m && Microsoft (R) Build Engine version 16.8.2+25e4d540b for .NET Framework
Copyright (C) Microsoft Corporation. All rights reserved.

  Microsoft (R) C/C++ Optimizing Compiler Version 19.28.29335 for x64
  Copyright (C) Microsoft Corporation.  All rights reserved.
  CheckIncludeFile.c
  cl /c /Zi /W3 /WX- /diagnostics:column /Od /Ob0 /D WIN32 /D _WINDOWS /D "CMAKE_INTDIR=\"Debug\"" /D _MBCS /Gm- /RTC1 /MDd /GS /fp:precise /Zc:wchar_t /Zc:forScope /Zc:inline /Fo"cmTC_92820.dir\Debug\\" /Fd"cmTC_92820.dir\Debug\vc142.pdb" /Gd /TC /errorReport:queue "E:\Projects\Github\cmp5359-cg-milestones-20-21-JamesPhilipPrice\Code\PBRT\PBRT\CMakeFiles\CMakeTmp\CheckIncludeFile.c"
E:\Projects\Github\cmp5359-cg-milestones-20-21-JamesPhilipPrice\Code\PBRT\PBRT\CMakeFiles\CMakeTmp\CheckIncludeFile.c(1,10): fatal error C1083: Cannot open include file: 'dlfcn.h': No such file or directory [E:\Projects\Github\cmp5359-cg-milestones-20-21-JamesPhilipPrice\Code\PBRT\PBRT\CMakeFiles\CMakeTmp\cmTC_92820.vcxproj]



Determining if the include file execinfo.h exists failed with the following output:
Change Dir: E:/Projects/Github/cmp5359-cg-milestones-20-21-JamesPhilipPrice/Code/PBRT/PBRT/CMakeFiles/CMakeTmp

Run Build Command(s):C:/Program Files (x86)/Microsoft Visual Studio/2019/Community/MSBuild/Current/Bin/MSBuild.exe cmTC_41fb2.vcxproj /p:Configuration=Debug /p:Platform=x64 /p:VisualStudioVersion=16.0 /v:m && Microsoft (R) Build Engine version 16.8.2+25e4d540b for .NET Framework
Copyright (C) Microsoft Corporation. All rights reserved.

  Microsoft (R) C/C++ Optimizing Compiler Version 19.28.29335 for x64
  Copyright (C) Microsoft Corporation.  All rights reserved.
  CheckIncludeFile.c
  cl /c /Zi /W3 /WX- /diagnostics:column /Od /Ob0 /D WIN32 /D _WINDOWS /D "CMAKE_INTDIR=\"Debug\"" /D _MBCS /Gm- /RTC1 /MDd /GS /fp:precise /Zc:wchar_t /Zc:forScope /Zc:inline /Fo"cmTC_41fb2.dir\Debug\\" /Fd"cmTC_41fb2.dir\Debug\vc142.pdb" /Gd /TC /errorReport:queue "E:\Projects\Github\cmp5359-cg-milestones-20-21-JamesPhilipPrice\Code\PBRT\PBRT\CMakeFiles\CMakeTmp\CheckIncludeFile.c"
E:\Projects\Github\cmp5359-cg-milestones-20-21-JamesPhilipPrice\Code\PBRT\PBRT\CMakeFiles\CMakeTmp\CheckIncludeFile.c(1,10): fatal error C1083: Cannot open include file: 'execinfo.h': No such file or directory [E:\Projects\Github\cmp5359-cg-milestones-20-21-JamesPhilipPrice\Code\PBRT\PBRT\CMakeFiles\CMakeTmp\cmTC_41fb2.vcxproj]



Determining if the include file glob.h exists failed with the following output:
Change Dir: E:/Projects/Github/cmp5359-cg-milestones-20-21-JamesPhilipPrice/Code/PBRT/PBRT/CMakeFiles/CMakeTmp

Run Build Command(s):C:/Program Files (x86)/Microsoft Visual Studio/2019/Community/MSBuild/Current/Bin/MSBuild.exe cmTC_0277b.vcxproj /p:Configuration=Debug /p:Platform=x64 /p:VisualStudioVersion=16.0 /v:m && Microsoft (R) Build Engine version 16.8.2+25e4d540b for .NET Framework
Copyright (C) Microsoft Corporation. All rights reserved.

  Microsoft (R) C/C++ Optimizing Compiler Version 19.28.29335 for x64
  Copyright (C) Microsoft Corporation.  All rights reserved.
  CheckIncludeFile.c
  cl /c /Zi /W3 /WX- /diagnostics:column /Od /Ob0 /D WIN32 /D _WINDOWS /D "CMAKE_INTDIR=\"Debug\"" /D _MBCS /Gm- /RTC1 /MDd /GS /fp:precise /Zc:wchar_t /Zc:forScope /Zc:inline /Fo"cmTC_0277b.dir\Debug\\" /Fd"cmTC_0277b.dir\Debug\vc142.pdb" /Gd /TC /errorReport:queue "E:\Projects\Github\cmp5359-cg-milestones-20-21-JamesPhilipPrice\Code\PBRT\PBRT\CMakeFiles\CMakeTmp\CheckIncludeFile.c"
E:\Projects\Github\cmp5359-cg-milestones-20-21-JamesPhilipPrice\Code\PBRT\PBRT\CMakeFiles\CMakeTmp\CheckIncludeFile.c(1,10): fatal error C1083: Cannot open include file: 'glob.h': No such file or directory [E:\Projects\Github\cmp5359-cg-milestones-20-21-JamesPhilipPrice\Code\PBRT\PBRT\CMakeFiles\CMakeTmp\cmTC_0277b.vcxproj]



Determining if the include file libunwind.h exists failed with the following output:
Change Dir: E:/Projects/Github/cmp5359-cg-milestones-20-21-JamesPhilipPrice/Code/PBRT/PBRT/CMakeFiles/CMakeTmp

Run Build Command(s):C:/Program Files (x86)/Microsoft Visual Studio/2019/Community/MSBuild/Current/Bin/MSBuild.exe cmTC_724be.vcxproj /p:Configuration=Debug /p:Platform=x64 /p:VisualStudioVersion=16.0 /v:m && Microsoft (R) Build Engine version 16.8.2+25e4d540b for .NET Framework
Copyright (C) Microsoft Corporation. All rights reserved.

  Microsoft (R) C/C++ Optimizing Compiler Version 19.28.29335 for x64
  Copyright (C) Microsoft Corporation.  All rights reserved.
  CheckIncludeFile.c
  cl /c /Zi /W3 /WX- /diagnostics:column /Od /Ob0 /D WIN32 /D _WINDOWS /D "CMAKE_INTDIR=\"Debug\"" /D _MBCS /Gm- /RTC1 /MDd /GS /fp:precise /Zc:wchar_t /Zc:forScope /Zc:inline /Fo"cmTC_724be.dir\Debug\\" /Fd"cmTC_724be.dir\Debug\vc142.pdb" /Gd /TC /errorReport:queue "E:\Projects\Github\cmp5359-cg-milestones-20-21-JamesPhilipPrice\Code\PBRT\PBRT\CMakeFiles\CMakeTmp\CheckIncludeFile.c"
E:\Projects\Github\cmp5359-cg-milestones-20-21-JamesPhilipPrice\Code\PBRT\PBRT\CMakeFiles\CMakeTmp\CheckIncludeFile.c(1,10): fatal error C1083: Cannot open include file: 'libunwind.h': No such file or directory [E:\Projects\Github\cmp5359-cg-milestones-20-21-JamesPhilipPrice\Code\PBRT\PBRT\CMakeFiles\CMakeTmp\cmTC_724be.vcxproj]



Determining if the include file pwd.h exists failed with the following output:
Change Dir: E:/Projects/Github/cmp5359-cg-milestones-20-21-JamesPhilipPrice/Code/PBRT/PBRT/CMakeFiles/CMakeTmp

Run Build Command(s):C:/Program Files (x86)/Microsoft Visual Studio/2019/Community/MSBuild/Current/Bin/MSBuild.exe cmTC_8f2e4.vcxproj /p:Configuration=Debug /p:Platform=x64 /p:VisualStudioVersion=16.0 /v:m && Microsoft (R) Build Engine version 16.8.2+25e4d540b for .NET Framework
Copyright (C) Microsoft Corporation. All rights reserved.

  Microsoft (R) C/C++ Optimizing Compiler Version 19.28.29335 for x64
  Copyright (C) Microsoft Corporation.  All rights reserved.
  CheckIncludeFile.c
  cl /c /Zi /W3 /WX- /diagnostics:column /Od /Ob0 /D WIN32 /D _WINDOWS /D "CMAKE_INTDIR=\"Debug\"" /D _MBCS /Gm- /RTC1 /MDd /GS /fp:precise /Zc:wchar_t /Zc:forScope /Zc:inline /Fo"cmTC_8f2e4.dir\Debug\\" /Fd"cmTC_8f2e4.dir\Debug\vc142.pdb" /Gd /TC /errorReport:queue "E:\Projects\Github\cmp5359-cg-milestones-20-21-JamesPhilipPrice\Code\PBRT\PBRT\CMakeFiles\CMakeTmp\CheckIncludeFile.c"
E:\Projects\Github\cmp5359-cg-milestones-20-21-JamesPhilipPrice\Code\PBRT\PBRT\CMakeFiles\CMakeTmp\CheckIncludeFile.c(1,10): fatal error C1083: Cannot open include file: 'pwd.h': No such file or directory [E:\Projects\Github\cmp5359-cg-milestones-20-21-JamesPhilipPrice\Code\PBRT\PBRT\CMakeFiles\CMakeTmp\cmTC_8f2e4.vcxproj]



Determining if the include file strings.h exists failed with the following output:
Change Dir: E:/Projects/Github/cmp5359-cg-milestones-20-21-JamesPhilipPrice/Code/PBRT/PBRT/CMakeFiles/CMakeTmp

Run Build Command(s):C:/Program Files (x86)/Microsoft Visual Studio/2019/Community/MSBuild/Current/Bin/MSBuild.exe cmTC_4dfe9.vcxproj /p:Configuration=Debug /p:Platform=x64 /p:VisualStudioVersion=16.0 /v:m && Microsoft (R) Build Engine version 16.8.2+25e4d540b for .NET Framework
Copyright (C) Microsoft Corporation. All rights reserved.

  Microsoft (R) C/C++ Optimizing Compiler Version 19.28.29335 for x64
  Copyright (C) Microsoft Corporation.  All rights reserved.
  CheckIncludeFile.c
  cl /c /Zi /W3 /WX- /diagnostics:column /Od /Ob0 /D WIN32 /D _WINDOWS /D "CMAKE_INTDIR=\"Debug\"" /D _MBCS /Gm- /RTC1 /MDd /GS /fp:precise /Zc:wchar_t /Zc:forScope /Zc:inline /Fo"cmTC_4dfe9.dir\Debug\\" /Fd"cmTC_4dfe9.dir\Debug\vc142.pdb" /Gd /TC /errorReport:queue "E:\Projects\Github\cmp5359-cg-milestones-20-21-JamesPhilipPrice\Code\PBRT\PBRT\CMakeFiles\CMakeTmp\CheckIncludeFile.c"
E:\Projects\Github\cmp5359-cg-milestones-20-21-JamesPhilipPrice\Code\PBRT\PBRT\CMakeFiles\CMakeTmp\CheckIncludeFile.c(1,10): fatal error C1083: Cannot open include file: 'strings.h': No such file or directory [E:\Projects\Github\cmp5359-cg-milestones-20-21-JamesPhilipPrice\Code\PBRT\PBRT\CMakeFiles\CMakeTmp\cmTC_4dfe9.vcxproj]



Determining if the include file sys/syscall.h exists failed with the following output:
Change Dir: E:/Projects/Github/cmp5359-cg-milestones-20-21-JamesPhilipPrice/Code/PBRT/PBRT/CMakeFiles/CMakeTmp

Run Build Command(s):C:/Program Files (x86)/Microsoft Visual Studio/2019/Community/MSBuild/Current/Bin/MSBuild.exe cmTC_9ce34.vcxproj /p:Configuration=Debug /p:Platform=x64 /p:VisualStudioVersion=16.0 /v:m && Microsoft (R) Build Engine version 16.8.2+25e4d540b for .NET Framework
Copyright (C) Microsoft Corporation. All rights reserved.

  Microsoft (R) C/C++ Optimizing Compiler Version 19.28.29335 for x64
  Copyright (C) Microsoft Corporation.  All rights reserved.
  CheckIncludeFile.c
  cl /c /Zi /W3 /WX- /diagnostics:column /Od /Ob0 /D WIN32 /D _WINDOWS /D "CMAKE_INTDIR=\"Debug\"" /D _MBCS /Gm- /RTC1 /MDd /GS /fp:precise /Zc:wchar_t /Zc:forScope /Zc:inline /Fo"cmTC_9ce34.dir\Debug\\" /Fd"cmTC_9ce34.dir\Debug\vc142.pdb" /Gd /TC /errorReport:queue "E:\Projects\Github\cmp5359-cg-milestones-20-21-JamesPhilipPrice\Code\PBRT\PBRT\CMakeFiles\CMakeTmp\CheckIncludeFile.c"
E:\Projects\Github\cmp5359-cg-milestones-20-21-JamesPhilipPrice\Code\PBRT\PBRT\CMakeFiles\CMakeTmp\CheckIncludeFile.c(1,10): fatal error C1083: Cannot open include file: 'sys/syscall.h': No such file or directory [E:\Projects\Github\cmp5359-cg-milestones-20-21-JamesPhilipPrice\Code\PBRT\PBRT\CMakeFiles\CMakeTmp\cmTC_9ce34.vcxproj]



Determining if the include file sys/time.h exists failed with the following output:
Change Dir: E:/Projects/Github/cmp5359-cg-milestones-20-21-JamesPhilipPrice/Code/PBRT/PBRT/CMakeFiles/CMakeTmp

Run Build Command(s):C:/Program Files (x86)/Microsoft Visual Studio/2019/Community/MSBuild/Current/Bin/MSBuild.exe cmTC_f8d3e.vcxproj /p:Configuration=Debug /p:Platform=x64 /p:VisualStudioVersion=16.0 /v:m && Microsoft (R) Build Engine version 16.8.2+25e4d540b for .NET Framework
Copyright (C) Microsoft Corporation. All rights reserved.

  Microsoft (R) C/C++ Optimizing Compiler Version 19.28.29335 for x64
  Copyright (C) Microsoft Corporation.  All rights reserved.
  CheckIncludeFile.c
  cl /c /Zi /W3 /WX- /diagnostics:column /Od /Ob0 /D WIN32 /D _WINDOWS /D "CMAKE_INTDIR=\"Debug\"" /D _MBCS /Gm- /RTC1 /MDd /GS /fp:precise /Zc:wchar_t /Zc:forScope /Zc:inline /Fo"cmTC_f8d3e.dir\Debug\\" /Fd"cmTC_f8d3e.dir\Debug\vc142.pdb" /Gd /TC /errorReport:queue "E:\Projects\Github\cmp5359-cg-milestones-20-21-JamesPhilipPrice\Code\PBRT\PBRT\CMakeFiles\CMakeTmp\CheckIncludeFile.c"
E:\Projects\Github\cmp5359-cg-milestones-20-21-JamesPhilipPrice\Code\PBRT\PBRT\CMakeFiles\CMakeTmp\CheckIncludeFile.c(1,10): fatal error C1083: Cannot open include file: 'sys/time.h': No such file or directory [E:\Projects\Github\cmp5359-cg-milestones-20-21-JamesPhilipPrice\Code\PBRT\PBRT\CMakeFiles\CMakeTmp\cmTC_f8d3e.vcxproj]



Determining if the include file sys/utsname.h exists failed with the following output:
Change Dir: E:/Projects/Github/cmp5359-cg-milestones-20-21-JamesPhilipPrice/Code/PBRT/PBRT/CMakeFiles/CMakeTmp

Run Build Command(s):C:/Program Files (x86)/Microsoft Visual Studio/2019/Community/MSBuild/Current/Bin/MSBuild.exe cmTC_5798e.vcxproj /p:Configuration=Debug /p:Platform=x64 /p:VisualStudioVersion=16.0 /v:m && Microsoft (R) Build Engine version 16.8.2+25e4d540b for .NET Framework
Copyright (C) Microsoft Corporation. All rights reserved.

  Microsoft (R) C/C++ Optimizing Compiler Version 19.28.29335 for x64
  Copyright (C) Microsoft Corporation.  All rights reserved.
  CheckIncludeFile.c
  cl /c /Zi /W3 /WX- /diagnostics:column /Od /Ob0 /D WIN32 /D _WINDOWS /D "CMAKE_INTDIR=\"Debug\"" /D _MBCS /Gm- /RTC1 /MDd /GS /fp:precise /Zc:wchar_t /Zc:forScope /Zc:inline /Fo"cmTC_5798e.dir\Debug\\" /Fd"cmTC_5798e.dir\Debug\vc142.pdb" /Gd /TC /errorReport:queue "E:\Projects\Github\cmp5359-cg-milestones-20-21-JamesPhilipPrice\Code\PBRT\PBRT\CMakeFiles\CMakeTmp\CheckIncludeFile.c"
E:\Projects\Github\cmp5359-cg-milestones-20-21-JamesPhilipPrice\Code\PBRT\PBRT\CMakeFiles\CMakeTmp\CheckIncludeFile.c(1,10): fatal error C1083: Cannot open include file: 'sys/utsname.h': No such file or directory [E:\Projects\Github\cmp5359-cg-milestones-20-21-JamesPhilipPrice\Code\PBRT\PBRT\CMakeFiles\CMakeTmp\cmTC_5798e.vcxproj]



Determining if the include file syscall.h exists failed with the following output:
Change Dir: E:/Projects/Github/cmp5359-cg-milestones-20-21-JamesPhilipPrice/Code/PBRT/PBRT/CMakeFiles/CMakeTmp

Run Build Command(s):C:/Program Files (x86)/Microsoft Visual Studio/2019/Community/MSBuild/Current/Bin/MSBuild.exe cmTC_751b4.vcxproj /p:Configuration=Debug /p:Platform=x64 /p:VisualStudioVersion=16.0 /v:m && Microsoft (R) Build Engine version 16.8.2+25e4d540b for .NET Framework
Copyright (C) Microsoft Corporation. All rights reserved.

  Microsoft (R) C/C++ Optimizing Compiler Version 19.28.29335 for x64
  Copyright (C) Microsoft Corporation.  All rights reserved.
  CheckIncludeFile.c
  cl /c /Zi /W3 /WX- /diagnostics:column /Od /Ob0 /D WIN32 /D _WINDOWS /D "CMAKE_INTDIR=\"Debug\"" /D _MBCS /Gm- /RTC1 /MDd /GS /fp:precise /Zc:wchar_t /Zc:forScope /Zc:inline /Fo"cmTC_751b4.dir\Debug\\" /Fd"cmTC_751b4.dir\Debug\vc142.pdb" /Gd /TC /errorReport:queue "E:\Projects\Github\cmp5359-cg-milestones-20-21-JamesPhilipPrice\Code\PBRT\PBRT\CMakeFiles\CMakeTmp\CheckIncludeFile.c"
E:\Projects\Github\cmp5359-cg-milestones-20-21-JamesPhilipPrice\Code\PBRT\PBRT\CMakeFiles\CMakeTmp\CheckIncludeFile.c(1,10): fatal error C1083: Cannot open include file: 'syscall.h': No such file or directory [E:\Projects\Github\cmp5359-cg-milestones-20-21-JamesPhilipPrice\Code\PBRT\PBRT\CMakeFiles\CMakeTmp\cmTC_751b4.vcxproj]



Determining if the include file syslog.h exists failed with the following output:
Change Dir: E:/Projects/Github/cmp5359-cg-milestones-20-21-JamesPhilipPrice/Code/PBRT/PBRT/CMakeFiles/CMakeTmp

Run Build Command(s):C:/Program Files (x86)/Microsoft Visual Studio/2019/Community/MSBuild/Current/Bin/MSBuild.exe cmTC_d4deb.vcxproj /p:Configuration=Debug /p:Platform=x64 /p:VisualStudioVersion=16.0 /v:m && Microsoft (R) Build Engine version 16.8.2+25e4d540b for .NET Framework
Copyright (C) Microsoft Corporation. All rights reserved.

  Microsoft (R) C/C++ Optimizing Compiler Version 19.28.29335 for x64
  Copyright (C) Microsoft Corporation.  All rights reserved.
  CheckIncludeFile.c
  cl /c /Zi /W3 /WX- /diagnostics:column /Od /Ob0 /D WIN32 /D _WINDOWS /D "CMAKE_INTDIR=\"Debug\"" /D _MBCS /Gm- /RTC1 /MDd /GS /fp:precise /Zc:wchar_t /Zc:forScope /Zc:inline /Fo"cmTC_d4deb.dir\Debug\\" /Fd"cmTC_d4deb.dir\Debug\vc142.pdb" /Gd /TC /errorReport:queue "E:\Projects\Github\cmp5359-cg-milestones-20-21-JamesPhilipPrice\Code\PBRT\PBRT\CMakeFiles\CMakeTmp\CheckIncludeFile.c"
E:\Projects\Github\cmp5359-cg-milestones-20-21-JamesPhilipPrice\Code\PBRT\PBRT\CMakeFiles\CMakeTmp\CheckIncludeFile.c(1,10): fatal error C1083: Cannot open include file: 'syslog.h': No such file or directory [E:\Projects\Github\cmp5359-cg-milestones-20-21-JamesPhilipPrice\Code\PBRT\PBRT\CMakeFiles\CMakeTmp\cmTC_d4deb.vcxproj]



Determining if the include file ucontext.h exists failed with the following output:
Change Dir: E:/Projects/Github/cmp5359-cg-milestones-20-21-JamesPhilipPrice/Code/PBRT/PBRT/CMakeFiles/CMakeTmp

Run Build Command(s):C:/Program Files (x86)/Microsoft Visual Studio/2019/Community/MSBuild/Current/Bin/MSBuild.exe cmTC_03750.vcxproj /p:Configuration=Debug /p:Platform=x64 /p:VisualStudioVersion=16.0 /v:m && Microsoft (R) Build Engine version 16.8.2+25e4d540b for .NET Framework
Copyright (C) Microsoft Corporation. All rights reserved.

  Microsoft (R) C/C++ Optimizing Compiler Version 19.28.29335 for x64
  Copyright (C) Microsoft Corporation.  All rights reserved.
  CheckIncludeFile.c
  cl /c /Zi /W3 /WX- /diagnostics:column /Od /Ob0 /D WIN32 /D _WINDOWS /D "CMAKE_INTDIR=\"Debug\"" /D _MBCS /Gm- /RTC1 /MDd /GS /fp:precise /Zc:wchar_t /Zc:forScope /Zc:inline /Fo"cmTC_03750.dir\Debug\\" /Fd"cmTC_03750.dir\Debug\vc142.pdb" /Gd /TC /errorReport:queue "E:\Projects\Github\cmp5359-cg-milestones-20-21-JamesPhilipPrice\Code\PBRT\PBRT\CMakeFiles\CMakeTmp\CheckIncludeFile.c"
E:\Projects\Github\cmp5359-cg-milestones-20-21-JamesPhilipPrice\Code\PBRT\PBRT\CMakeFiles\CMakeTmp\CheckIncludeFile.c(1,10): fatal error C1083: Cannot open include file: 'ucontext.h': No such file or directory [E:\Projects\Github\cmp5359-cg-milestones-20-21-JamesPhilipPrice\Code\PBRT\PBRT\CMakeFiles\CMakeTmp\cmTC_03750.vcxproj]



Determining if the include file unistd.h exists failed with the following output:
Change Dir: E:/Projects/Github/cmp5359-cg-milestones-20-21-JamesPhilipPrice/Code/PBRT/PBRT/CMakeFiles/CMakeTmp

Run Build Command(s):C:/Program Files (x86)/Microsoft Visual Studio/2019/Community/MSBuild/Current/Bin/MSBuild.exe cmTC_7a48a.vcxproj /p:Configuration=Debug /p:Platform=x64 /p:VisualStudioVersion=16.0 /v:m && Microsoft (R) Build Engine version 16.8.2+25e4d540b for .NET Framework
Copyright (C) Microsoft Corporation. All rights reserved.

  Microsoft (R) C/C++ Optimizing Compiler Version 19.28.29335 for x64
  Copyright (C) Microsoft Corporation.  All rights reserved.
  CheckIncludeFile.c
  cl /c /Zi /W3 /WX- /diagnostics:column /Od /Ob0 /D WIN32 /D _WINDOWS /D "CMAKE_INTDIR=\"Debug\"" /D _MBCS /Gm- /RTC1 /MDd /GS /fp:precise /Zc:wchar_t /Zc:forScope /Zc:inline /Fo"cmTC_7a48a.dir\Debug\\" /Fd"cmTC_7a48a.dir\Debug\vc142.pdb" /Gd /TC /errorReport:queue "E:\Projects\Github\cmp5359-cg-milestones-20-21-JamesPhilipPrice\Code\PBRT\PBRT\CMakeFiles\CMakeTmp\CheckIncludeFile.c"
E:\Projects\Github\cmp5359-cg-milestones-20-21-JamesPhilipPrice\Code\PBRT\PBRT\CMakeFiles\CMakeTmp\CheckIncludeFile.c(1,10): fatal error C1083: Cannot open include file: 'unistd.h': No such file or directory [E:\Projects\Github\cmp5359-cg-milestones-20-21-JamesPhilipPrice\Code\PBRT\PBRT\CMakeFiles\CMakeTmp\cmTC_7a48a.vcxproj]



Determining if the include file unwind.h exists failed with the following output:
Change Dir: E:/Projects/Github/cmp5359-cg-milestones-20-21-JamesPhilipPrice/Code/PBRT/PBRT/CMakeFiles/CMakeTmp

Run Build Command(s):C:/Program Files (x86)/Microsoft Visual Studio/2019/Community/MSBuild/Current/Bin/MSBuild.exe cmTC_92207.vcxproj /p:Configuration=Debug /p:Platform=x64 /p:VisualStudioVersion=16.0 /v:m && Microsoft (R) Build Engine version 16.8.2+25e4d540b for .NET Framework
Copyright (C) Microsoft Corporation. All rights reserved.

  Microsoft (R) C/C++ Optimizing Compiler Version 19.28.29335 for x64
  Copyright (C) Microsoft Corporation.  All rights reserved.
  CheckIncludeFile.c
  cl /c /Zi /W3 /WX- /diagnostics:column /Od /Ob0 /D WIN32 /D _WINDOWS /D "CMAKE_INTDIR=\"Debug\"" /D _MBCS /Gm- /RTC1 /MDd /GS /fp:precise /Zc:wchar_t /Zc:forScope /Zc:inline /Fo"cmTC_92207.dir\Debug\\" /Fd"cmTC_92207.dir\Debug\vc142.pdb" /Gd /TC /errorReport:queue "E:\Projects\Github\cmp5359-cg-milestones-20-21-JamesPhilipPrice\Code\PBRT\PBRT\CMakeFiles\CMakeTmp\CheckIncludeFile.c"
E:\Projects\Github\cmp5359-cg-milestones-20-21-JamesPhilipPrice\Code\PBRT\PBRT\CMakeFiles\CMakeTmp\CheckIncludeFile.c(1,10): fatal error C1083: Cannot open include file: 'unwind.h': No such file or directory [E:\Projects\Github\cmp5359-cg-milestones-20-21-JamesPhilipPrice\Code\PBRT\PBRT\CMakeFiles\CMakeTmp\cmTC_92207.vcxproj]



Determining if the include file ext/hash_map exists failed with the following output:
Change Dir: E:/Projects/Github/cmp5359-cg-milestones-20-21-JamesPhilipPrice/Code/PBRT/PBRT/CMakeFiles/CMakeTmp

Run Build Command(s):C:/Program Files (x86)/Microsoft Visual Studio/2019/Community/MSBuild/Current/Bin/MSBuild.exe cmTC_96ec7.vcxproj /p:Configuration=Debug /p:Platform=x64 /p:VisualStudioVersion=16.0 /v:m && Microsoft (R) Build Engine version 16.8.2+25e4d540b for .NET Framework
Copyright (C) Microsoft Corporation. All rights reserved.

  Microsoft (R) C/C++ Optimizing Compiler Version 19.28.29335 for x64
  Copyright (C) Microsoft Corporation.  All rights reserved.
  CheckIncludeFile.cxx
  cl /c /Zi /W3 /WX- /diagnostics:column /Od /Ob0 /D WIN32 /D _WINDOWS /D "CMAKE_INTDIR=\"Debug\"" /D _MBCS /Gm- /EHsc /RTC1 /MDd /GS /fp:precise /Zc:wchar_t /Zc:forScope /Zc:inline /GR /Fo"cmTC_96ec7.dir\Debug\\" /Fd"cmTC_96ec7.dir\Debug\vc142.pdb" /Gd /TP /errorReport:queue "E:\Projects\Github\cmp5359-cg-milestones-20-21-JamesPhilipPrice\Code\PBRT\PBRT\CMakeFiles\CMakeTmp\CheckIncludeFile.cxx"
E:\Projects\Github\cmp5359-cg-milestones-20-21-JamesPhilipPrice\Code\PBRT\PBRT\CMakeFiles\CMakeTmp\CheckIncludeFile.cxx(1,10): fatal error C1083: Cannot open include file: 'ext/hash_map': No such file or directory [E:\Projects\Github\cmp5359-cg-milestones-20-21-JamesPhilipPrice\Code\PBRT\PBRT\CMakeFiles\CMakeTmp\cmTC_96ec7.vcxproj]



Determining if the include file ext/hash_set exists failed with the following output:
Change Dir: E:/Projects/Github/cmp5359-cg-milestones-20-21-JamesPhilipPrice/Code/PBRT/PBRT/CMakeFiles/CMakeTmp

Run Build Command(s):C:/Program Files (x86)/Microsoft Visual Studio/2019/Community/MSBuild/Current/Bin/MSBuild.exe cmTC_1a82c.vcxproj /p:Configuration=Debug /p:Platform=x64 /p:VisualStudioVersion=16.0 /v:m && Microsoft (R) Build Engine version 16.8.2+25e4d540b for .NET Framework
Copyright (C) Microsoft Corporation. All rights reserved.

  Microsoft (R) C/C++ Optimizing Compiler Version 19.28.29335 for x64
  Copyright (C) Microsoft Corporation.  All rights reserved.
  CheckIncludeFile.cxx
  cl /c /Zi /W3 /WX- /diagnostics:column /Od /Ob0 /D WIN32 /D _WINDOWS /D "CMAKE_INTDIR=\"Debug\"" /D _MBCS /Gm- /EHsc /RTC1 /MDd /GS /fp:precise /Zc:wchar_t /Zc:forScope /Zc:inline /GR /Fo"cmTC_1a82c.dir\Debug\\" /Fd"cmTC_1a82c.dir\Debug\vc142.pdb" /Gd /TP /errorReport:queue "E:\Projects\Github\cmp5359-cg-milestones-20-21-JamesPhilipPrice\Code\PBRT\PBRT\CMakeFiles\CMakeTmp\CheckIncludeFile.cxx"
E:\Projects\Github\cmp5359-cg-milestones-20-21-JamesPhilipPrice\Code\PBRT\PBRT\CMakeFiles\CMakeTmp\CheckIncludeFile.cxx(1,10): fatal error C1083: Cannot open include file: 'ext/hash_set': No such file or directory [E:\Projects\Github\cmp5359-cg-milestones-20-21-JamesPhilipPrice\Code\PBRT\PBRT\CMakeFiles\CMakeTmp\cmTC_1a82c.vcxproj]



Determining if the include file ext/slist exists failed with the following output:
Change Dir: E:/Projects/Github/cmp5359-cg-milestones-20-21-JamesPhilipPrice/Code/PBRT/PBRT/CMakeFiles/CMakeTmp

Run Build Command(s):C:/Program Files (x86)/Microsoft Visual Studio/2019/Community/MSBuild/Current/Bin/MSBuild.exe cmTC_6c8b9.vcxproj /p:Configuration=Debug /p:Platform=x64 /p:VisualStudioVersion=16.0 /v:m && Microsoft (R) Build Engine version 16.8.2+25e4d540b for .NET Framework
Copyright (C) Microsoft Corporation. All rights reserved.

  Microsoft (R) C/C++ Optimizing Compiler Version 19.28.29335 for x64
  Copyright (C) Microsoft Corporation.  All rights reserved.
  CheckIncludeFile.cxx
  cl /c /Zi /W3 /WX- /diagnostics:column /Od /Ob0 /D WIN32 /D _WINDOWS /D "CMAKE_INTDIR=\"Debug\"" /D _MBCS /Gm- /EHsc /RTC1 /MDd /GS /fp:precise /Zc:wchar_t /Zc:forScope /Zc:inline /GR /Fo"cmTC_6c8b9.dir\Debug\\" /Fd"cmTC_6c8b9.dir\Debug\vc142.pdb" /Gd /TP /errorReport:queue "E:\Projects\Github\cmp5359-cg-milestones-20-21-JamesPhilipPrice\Code\PBRT\PBRT\CMakeFiles\CMakeTmp\CheckIncludeFile.cxx"
E:\Projects\Github\cmp5359-cg-milestones-20-21-JamesPhilipPrice\Code\PBRT\PBRT\CMakeFiles\CMakeTmp\CheckIncludeFile.cxx(1,10): fatal error C1083: Cannot open include file: 'ext/slist': No such file or directory [E:\Projects\Github\cmp5359-cg-milestones-20-21-JamesPhilipPrice\Code\PBRT\PBRT\CMakeFiles\CMakeTmp\cmTC_6c8b9.vcxproj]



Determining if the include file tr1/unordered_map exists failed with the following output:
Change Dir: E:/Projects/Github/cmp5359-cg-milestones-20-21-JamesPhilipPrice/Code/PBRT/PBRT/CMakeFiles/CMakeTmp

Run Build Command(s):C:/Program Files (x86)/Microsoft Visual Studio/2019/Community/MSBuild/Current/Bin/MSBuild.exe cmTC_9372b.vcxproj /p:Configuration=Debug /p:Platform=x64 /p:VisualStudioVersion=16.0 /v:m && Microsoft (R) Build Engine version 16.8.2+25e4d540b for .NET Framework
Copyright (C) Microsoft Corporation. All rights reserved.

  Microsoft (R) C/C++ Optimizing Compiler Version 19.28.29335 for x64
  Copyright (C) Microsoft Corporation.  All rights reserved.
  CheckIncludeFile.cxx
  cl /c /Zi /W3 /WX- /diagnostics:column /Od /Ob0 /D WIN32 /D _WINDOWS /D "CMAKE_INTDIR=\"Debug\"" /D _MBCS /Gm- /EHsc /RTC1 /MDd /GS /fp:precise /Zc:wchar_t /Zc:forScope /Zc:inline /GR /Fo"cmTC_9372b.dir\Debug\\" /Fd"cmTC_9372b.dir\Debug\vc142.pdb" /Gd /TP /errorReport:queue "E:\Projects\Github\cmp5359-cg-milestones-20-21-JamesPhilipPrice\Code\PBRT\PBRT\CMakeFiles\CMakeTmp\CheckIncludeFile.cxx"
E:\Projects\Github\cmp5359-cg-milestones-20-21-JamesPhilipPrice\Code\PBRT\PBRT\CMakeFiles\CMakeTmp\CheckIncludeFile.cxx(1,10): fatal error C1083: Cannot open include file: 'tr1/unordered_map': No such file or directory [E:\Projects\Github\cmp5359-cg-milestones-20-21-JamesPhilipPrice\Code\PBRT\PBRT\CMakeFiles\CMakeTmp\cmTC_9372b.vcxproj]



Determining if the include file tr1/unordered_set exists failed with the following output:
Change Dir: E:/Projects/Github/cmp5359-cg-milestones-20-21-JamesPhilipPrice/Code/PBRT/PBRT/CMakeFiles/CMakeTmp

Run Build Command(s):C:/Program Files (x86)/Microsoft Visual Studio/2019/Community/MSBuild/Current/Bin/MSBuild.exe cmTC_a39ae.vcxproj /p:Configuration=Debug /p:Platform=x64 /p:VisualStudioVersion=16.0 /v:m && Microsoft (R) Build Engine version 16.8.2+25e4d540b for .NET Framework
Copyright (C) Microsoft Corporation. All rights reserved.

  Microsoft (R) C/C++ Optimizing Compiler Version 19.28.29335 for x64
  Copyright (C) Microsoft Corporation.  All rights reserved.
  CheckIncludeFile.cxx
  cl /c /Zi /W3 /WX- /diagnostics:column /Od /Ob0 /D WIN32 /D _WINDOWS /D "CMAKE_INTDIR=\"Debug\"" /D _MBCS /Gm- /EHsc /RTC1 /MDd /GS /fp:precise /Zc:wchar_t /Zc:forScope /Zc:inline /GR /Fo"cmTC_a39ae.dir\Debug\\" /Fd"cmTC_a39ae.dir\Debug\vc142.pdb" /Gd /TP /errorReport:queue "E:\Projects\Github\cmp5359-cg-milestones-20-21-JamesPhilipPrice\Code\PBRT\PBRT\CMakeFiles\CMakeTmp\CheckIncludeFile.cxx"
E:\Projects\Github\cmp5359-cg-milestones-20-21-JamesPhilipPrice\Code\PBRT\PBRT\CMakeFiles\CMakeTmp\CheckIncludeFile.cxx(1,10): fatal error C1083: Cannot open include file: 'tr1/unordered_set': No such file or directory [E:\Projects\Github\cmp5359-cg-milestones-20-21-JamesPhilipPrice\Code\PBRT\PBRT\CMakeFiles\CMakeTmp\cmTC_a39ae.vcxproj]



Determining size of u_int16_t failed with the following output:
Change Dir: E:/Projects/Github/cmp5359-cg-milestones-20-21-JamesPhilipPrice/Code/PBRT/PBRT/CMakeFiles/CMakeTmp

Run Build Command(s):C:/Program Files (x86)/Microsoft Visual Studio/2019/Community/MSBuild/Current/Bin/MSBuild.exe cmTC_713b4.vcxproj /p:Configuration=Debug /p:Platform=x64 /p:VisualStudioVersion=16.0 /v:m && Microsoft (R) Build Engine version 16.8.2+25e4d540b for .NET Framework
Copyright (C) Microsoft Corporation. All rights reserved.

  Microsoft (R) C/C++ Optimizing Compiler Version 19.28.29335 for x64
  Copyright (C) Microsoft Corporation.  All rights reserved.
  HAVE_U_INT16_T.c
  cl /c /Zi /W3 /WX- /diagnostics:column /Od /Ob0 /D WIN32 /D _WINDOWS /D "CMAKE_INTDIR=\"Debug\"" /D _MBCS /Gm- /RTC1 /MDd /GS /fp:precise /Zc:wchar_t /Zc:forScope /Zc:inline /Fo"cmTC_713b4.dir\Debug\\" /Fd"cmTC_713b4.dir\Debug\vc142.pdb" /Gd /TC /errorReport:queue "E:\Projects\Github\cmp5359-cg-milestones-20-21-JamesPhilipPrice\Code\PBRT\PBRT\CMakeFiles\CheckTypeSize\HAVE_U_INT16_T.c"
E:\Projects\Github\cmp5359-cg-milestones-20-21-JamesPhilipPrice\Code\PBRT\PBRT\CMakeFiles\CheckTypeSize\HAVE_U_INT16_T.c(29,12): error C2065: 'u_int16_t': undeclared identifier [E:\Projects\Github\cmp5359-cg-milestones-20-21-JamesPhilipPrice\Code\PBRT\PBRT\CMakeFiles\CMakeTmp\cmTC_713b4.vcxproj]
E:\Projects\Github\cmp5359-cg-milestones-20-21-JamesPhilipPrice\Code\PBRT\PBRT\CMakeFiles\CheckTypeSize\HAVE_U_INT16_T.c(30,12): error C2065: 'u_int16_t': undeclared identifier [E:\Projects\Github\cmp5359-cg-milestones-20-21-JamesPhilipPrice\Code\PBRT\PBRT\CMakeFiles\CMakeTmp\cmTC_713b4.vcxproj]
E:\Projects\Github\cmp5359-cg-milestones-20-21-JamesPhilipPrice\Code\PBRT\PBRT\CMakeFiles\CheckTypeSize\HAVE_U_INT16_T.c(31,12): error C2065: 'u_int16_t': undeclared identifier [E:\Projects\Github\cmp5359-cg-milestones-20-21-JamesPhilipPrice\Code\PBRT\PBRT\CMakeFiles\CMakeTmp\cmTC_713b4.vcxproj]
E:\Projects\Github\cmp5359-cg-milestones-20-21-JamesPhilipPrice\Code\PBRT\PBRT\CMakeFiles\CheckTypeSize\HAVE_U_INT16_T.c(32,12): error C2065: 'u_int16_t': undeclared identifier [E:\Projects\Github\cmp5359-cg-milestones-20-21-JamesPhilipPrice\Code\PBRT\PBRT\CMakeFiles\CMakeTmp\cmTC_713b4.vcxproj]
E:\Projects\Github\cmp5359-cg-milestones-20-21-JamesPhilipPrice\Code\PBRT\PBRT\CMakeFiles\CheckTypeSize\HAVE_U_INT16_T.c(33,12): error C2065: 'u_int16_t': undeclared identifier [E:\Projects\Github\cmp5359-cg-milestones-20-21-JamesPhilipPrice\Code\PBRT\PBRT\CMakeFiles\CMakeTmp\cmTC_713b4.vcxproj]


E:/Projects/Github/cmp5359-cg-milestones-20-21-JamesPhilipPrice/Code/PBRT/PBRT/CMakeFiles/CheckTypeSize/HAVE_U_INT16_T.c:
#include <sys/types.h>
#include <stdint.h>
#include <stddef.h>


#undef KEY
#if defined(__i386)
# define KEY '_','_','i','3','8','6'
#elif defined(__x86_64)
# define KEY '_','_','x','8','6','_','6','4'
#elif defined(__PPC64__)
# define KEY '_','_','P','P','C','6','4','_','_'
#elif defined(__ppc64__)
# define KEY '_','_','p','p','c','6','4','_','_'
#elif defined(__PPC__)
# define KEY '_','_','P','P','C','_','_'
#elif defined(__ppc__)
# define KEY '_','_','p','p','c','_','_'
#elif defined(__aarch64__)
# define KEY '_','_','a','a','r','c','h','6','4','_','_'
#elif defined(__ARM_ARCH_7A__)
# define KEY '_','_','A','R','M','_','A','R','C','H','_','7','A','_','_'
#elif defined(__ARM_ARCH_7S__)
# define KEY '_','_','A','R','M','_','A','R','C','H','_','7','S','_','_'
#endif

#define SIZE (sizeof(u_int16_t))
static char info_size[] =  {'I', 'N', 'F', 'O', ':', 's','i','z','e','[',
  ('0' + ((SIZE / 10000)%10)),
  ('0' + ((SIZE / 1000)%10)),
  ('0' + ((SIZE / 100)%10)),
  ('0' + ((SIZE / 10)%10)),
  ('0' +  (SIZE    % 10)),
  ']',
#ifdef KEY
  ' ','k','e','y','[', KEY, ']',
#endif
  '\0'};

#ifdef __CLASSIC_C__
int main(argc, argv) int argc; char *argv[];
#else
int main(int argc, char *argv[])
#endif
{
  int require = 0;
  require += info_size[argc];
  (void)argv;
  return require;
}


Determining if the function dladdr exists failed with the following output:
Change Dir: E:/Projects/Github/cmp5359-cg-milestones-20-21-JamesPhilipPrice/Code/PBRT/PBRT/CMakeFiles/CMakeTmp

Run Build Command(s):C:/Program Files (x86)/Microsoft Visual Studio/2019/Community/MSBuild/Current/Bin/MSBuild.exe cmTC_691d7.vcxproj /p:Configuration=Debug /p:Platform=x64 /p:VisualStudioVersion=16.0 /v:m && Microsoft (R) Build Engine version 16.8.2+25e4d540b for .NET Framework
Copyright (C) Microsoft Corporation. All rights reserved.

  Microsoft (R) C/C++ Optimizing Compiler Version 19.28.29335 for x64
  Copyright (C) Microsoft Corporation.  All rights reserved.
  CheckFunctionExists.c
  cl /c /Zi /W3 /WX- /diagnostics:column /Od /Ob0 /D WIN32 /D _WINDOWS /D CHECK_FUNCTION_EXISTS=dladdr /D "CMAKE_INTDIR=\"Debug\"" /D _MBCS /Gm- /RTC1 /MDd /GS /fp:precise /Zc:wchar_t /Zc:forScope /Zc:inline /Fo"cmTC_691d7.dir\Debug\\" /Fd"cmTC_691d7.dir\Debug\vc142.pdb" /Gd /TC /errorReport:queue "C:\Program Files\CMake\share\cmake-3.19\Modules\CheckFunctionExists.c"
CheckFunctionExists.obj : error LNK2019: unresolved external symbol dladdr referenced in function main [E:\Projects\Github\cmp5359-cg-milestones-20-21-JamesPhilipPrice\Code\PBRT\PBRT\CMakeFiles\CMakeTmp\cmTC_691d7.vcxproj]
E:\Projects\Github\cmp5359-cg-milestones-20-21-JamesPhilipPrice\Code\PBRT\PBRT\CMakeFiles\CMakeTmp\Debug\cmTC_691d7.exe : fatal error LNK1120: 1 unresolved externals [E:\Projects\Github\cmp5359-cg-milestones-20-21-JamesPhilipPrice\Code\PBRT\PBRT\CMakeFiles\CMakeTmp\cmTC_691d7.vcxproj]



Determining if the function fcntl exists failed with the following output:
Change Dir: E:/Projects/Github/cmp5359-cg-milestones-20-21-JamesPhilipPrice/Code/PBRT/PBRT/CMakeFiles/CMakeTmp

Run Build Command(s):C:/Program Files (x86)/Microsoft Visual Studio/2019/Community/MSBuild/Current/Bin/MSBuild.exe cmTC_9552a.vcxproj /p:Configuration=Debug /p:Platform=x64 /p:VisualStudioVersion=16.0 /v:m && Microsoft (R) Build Engine version 16.8.2+25e4d540b for .NET Framework
Copyright (C) Microsoft Corporation. All rights reserved.

  Microsoft (R) C/C++ Optimizing Compiler Version 19.28.29335 for x64
  Copyright (C) Microsoft Corporation.  All rights reserved.
  CheckFunctionExists.c
  cl /c /Zi /W3 /WX- /diagnostics:column /Od /Ob0 /D WIN32 /D _WINDOWS /D CHECK_FUNCTION_EXISTS=fcntl /D "CMAKE_INTDIR=\"Debug\"" /D _MBCS /Gm- /RTC1 /MDd /GS /fp:precise /Zc:wchar_t /Zc:forScope /Zc:inline /Fo"cmTC_9552a.dir\Debug\\" /Fd"cmTC_9552a.dir\Debug\vc142.pdb" /Gd /TC /errorReport:queue "C:\Program Files\CMake\share\cmake-3.19\Modules\CheckFunctionExists.c"
CheckFunctionExists.obj : error LNK2019: unresolved external symbol fcntl referenced in function main [E:\Projects\Github\cmp5359-cg-milestones-20-21-JamesPhilipPrice\Code\PBRT\PBRT\CMakeFiles\CMakeTmp\cmTC_9552a.vcxproj]
E:\Projects\Github\cmp5359-cg-milestones-20-21-JamesPhilipPrice\Code\PBRT\PBRT\CMakeFiles\CMakeTmp\Debug\cmTC_9552a.exe : fatal error LNK1120: 1 unresolved externals [E:\Projects\Github\cmp5359-cg-milestones-20-21-JamesPhilipPrice\Code\PBRT\PBRT\CMakeFiles\CMakeTmp\cmTC_9552a.vcxproj]



Determining if the function pread exists failed with the following output:
Change Dir: E:/Projects/Github/cmp5359-cg-milestones-20-21-JamesPhilipPrice/Code/PBRT/PBRT/CMakeFiles/CMakeTmp

Run Build Command(s):C:/Program Files (x86)/Microsoft Visual Studio/2019/Community/MSBuild/Current/Bin/MSBuild.exe cmTC_5363d.vcxproj /p:Configuration=Debug /p:Platform=x64 /p:VisualStudioVersion=16.0 /v:m && Microsoft (R) Build Engine version 16.8.2+25e4d540b for .NET Framework
Copyright (C) Microsoft Corporation. All rights reserved.

  Microsoft (R) C/C++ Optimizing Compiler Version 19.28.29335 for x64
  Copyright (C) Microsoft Corporation.  All rights reserved.
  CheckFunctionExists.c
  cl /c /Zi /W3 /WX- /diagnostics:column /Od /Ob0 /D WIN32 /D _WINDOWS /D CHECK_FUNCTION_EXISTS=pread /D "CMAKE_INTDIR=\"Debug\"" /D _MBCS /Gm- /RTC1 /MDd /GS /fp:precise /Zc:wchar_t /Zc:forScope /Zc:inline /Fo"cmTC_5363d.dir\Debug\\" /Fd"cmTC_5363d.dir\Debug\vc142.pdb" /Gd /TC /errorReport:queue "C:\Program Files\CMake\share\cmake-3.19\Modules\CheckFunctionExists.c"
CheckFunctionExists.obj : error LNK2019: unresolved external symbol pread referenced in function main [E:\Projects\Github\cmp5359-cg-milestones-20-21-JamesPhilipPrice\Code\PBRT\PBRT\CMakeFiles\CMakeTmp\cmTC_5363d.vcxproj]
E:\Projects\Github\cmp5359-cg-milestones-20-21-JamesPhilipPrice\Code\PBRT\PBRT\CMakeFiles\CMakeTmp\Debug\cmTC_5363d.exe : fatal error LNK1120: 1 unresolved externals [E:\Projects\Github\cmp5359-cg-milestones-20-21-JamesPhilipPrice\Code\PBRT\PBRT\CMakeFiles\CMakeTmp\cmTC_5363d.vcxproj]



Determining if the function pwrite exists failed with the following output:
Change Dir: E:/Projects/Github/cmp5359-cg-milestones-20-21-JamesPhilipPrice/Code/PBRT/PBRT/CMakeFiles/CMakeTmp

Run Build Command(s):C:/Program Files (x86)/Microsoft Visual Studio/2019/Community/MSBuild/Current/Bin/MSBuild.exe cmTC_4f961.vcxproj /p:Configuration=Debug /p:Platform=x64 /p:VisualStudioVersion=16.0 /v:m && Microsoft (R) Build Engine version 16.8.2+25e4d540b for .NET Framework
Copyright (C) Microsoft Corporation. All rights reserved.

  Microsoft (R) C/C++ Optimizing Compiler Version 19.28.29335 for x64
  Copyright (C) Microsoft Corporation.  All rights reserved.
  CheckFunctionExists.c
  cl /c /Zi /W3 /WX- /diagnostics:column /Od /Ob0 /D WIN32 /D _WINDOWS /D CHECK_FUNCTION_EXISTS=pwrite /D "CMAKE_INTDIR=\"Debug\"" /D _MBCS /Gm- /RTC1 /MDd /GS /fp:precise /Zc:wchar_t /Zc:forScope /Zc:inline /Fo"cmTC_4f961.dir\Debug\\" /Fd"cmTC_4f961.dir\Debug\vc142.pdb" /Gd /TC /errorReport:queue "C:\Program Files\CMake\share\cmake-3.19\Modules\CheckFunctionExists.c"
CheckFunctionExists.obj : error LNK2019: unresolved external symbol pwrite referenced in function main [E:\Projects\Github\cmp5359-cg-milestones-20-21-JamesPhilipPrice\Code\PBRT\PBRT\CMakeFiles\CMakeTmp\cmTC_4f961.vcxproj]
E:\Projects\Github\cmp5359-cg-milestones-20-21-JamesPhilipPrice\Code\PBRT\PBRT\CMakeFiles\CMakeTmp\Debug\cmTC_4f961.exe : fatal error LNK1120: 1 unresolved externals [E:\Projects\Github\cmp5359-cg-milestones-20-21-JamesPhilipPrice\Code\PBRT\PBRT\CMakeFiles\CMakeTmp\cmTC_4f961.vcxproj]



Determining if the function sigaction exists failed with the following output:
Change Dir: E:/Projects/Github/cmp5359-cg-milestones-20-21-JamesPhilipPrice/Code/PBRT/PBRT/CMakeFiles/CMakeTmp

Run Build Command(s):C:/Program Files (x86)/Microsoft Visual Studio/2019/Community/MSBuild/Current/Bin/MSBuild.exe cmTC_2727b.vcxproj /p:Configuration=Debug /p:Platform=x64 /p:VisualStudioVersion=16.0 /v:m && Microsoft (R) Build Engine version 16.8.2+25e4d540b for .NET Framework
Copyright (C) Microsoft Corporation. All rights reserved.

  Microsoft (R) C/C++ Optimizing Compiler Version 19.28.29335 for x64
  Copyright (C) Microsoft Corporation.  All rights reserved.
  CheckFunctionExists.c
  cl /c /Zi /W3 /WX- /diagnostics:column /Od /Ob0 /D WIN32 /D _WINDOWS /D CHECK_FUNCTION_EXISTS=sigaction /D "CMAKE_INTDIR=\"Debug\"" /D _MBCS /Gm- /RTC1 /MDd /GS /fp:precise /Zc:wchar_t /Zc:forScope /Zc:inline /Fo"cmTC_2727b.dir\Debug\\" /Fd"cmTC_2727b.dir\Debug\vc142.pdb" /Gd /TC /errorReport:queue "C:\Program Files\CMake\share\cmake-3.19\Modules\CheckFunctionExists.c"
CheckFunctionExists.obj : error LNK2019: unresolved external symbol sigaction referenced in function main [E:\Projects\Github\cmp5359-cg-milestones-20-21-JamesPhilipPrice\Code\PBRT\PBRT\CMakeFiles\CMakeTmp\cmTC_2727b.vcxproj]
E:\Projects\Github\cmp5359-cg-milestones-20-21-JamesPhilipPrice\Code\PBRT\PBRT\CMakeFiles\CMakeTmp\Debug\cmTC_2727b.exe : fatal error LNK1120: 1 unresolved externals [E:\Projects\Github\cmp5359-cg-milestones-20-21-JamesPhilipPrice\Code\PBRT\PBRT\CMakeFiles\CMakeTmp\cmTC_2727b.vcxproj]



Determining if the function sigaltstack exists failed with the following output:
Change Dir: E:/Projects/Github/cmp5359-cg-milestones-20-21-JamesPhilipPrice/Code/PBRT/PBRT/CMakeFiles/CMakeTmp

Run Build Command(s):C:/Program Files (x86)/Microsoft Visual Studio/2019/Community/MSBuild/Current/Bin/MSBuild.exe cmTC_5f242.vcxproj /p:Configuration=Debug /p:Platform=x64 /p:VisualStudioVersion=16.0 /v:m && Microsoft (R) Build Engine version 16.8.2+25e4d540b for .NET Framework
Copyright (C) Microsoft Corporation. All rights reserved.

  Microsoft (R) C/C++ Optimizing Compiler Version 19.28.29335 for x64
  Copyright (C) Microsoft Corporation.  All rights reserved.
  CheckFunctionExists.c
  cl /c /Zi /W3 /WX- /diagnostics:column /Od /Ob0 /D WIN32 /D _WINDOWS /D CHECK_FUNCTION_EXISTS=sigaltstack /D "CMAKE_INTDIR=\"Debug\"" /D _MBCS /Gm- /RTC1 /MDd /GS /fp:precise /Zc:wchar_t /Zc:forScope /Zc:inline /Fo"cmTC_5f242.dir\Debug\\" /Fd"cmTC_5f242.dir\Debug\vc142.pdb" /Gd /TC /errorReport:queue "C:\Program Files\CMake\share\cmake-3.19\Modules\CheckFunctionExists.c"
CheckFunctionExists.obj : error LNK2019: unresolved external symbol sigaltstack referenced in function main [E:\Projects\Github\cmp5359-cg-milestones-20-21-JamesPhilipPrice\Code\PBRT\PBRT\CMakeFiles\CMakeTmp\cmTC_5f242.vcxproj]
E:\Projects\Github\cmp5359-cg-milestones-20-21-JamesPhilipPrice\Code\PBRT\PBRT\CMakeFiles\CMakeTmp\Debug\cmTC_5f242.exe : fatal error LNK1120: 1 unresolved externals [E:\Projects\Github\cmp5359-cg-milestones-20-21-JamesPhilipPrice\Code\PBRT\PBRT\CMakeFiles\CMakeTmp\cmTC_5f242.vcxproj]



Performing C++ SOURCE FILE Test HAVE_NO_DEPRECATED failed with the following output:
Change Dir: E:/Projects/Github/cmp5359-cg-milestones-20-21-JamesPhilipPrice/Code/PBRT/PBRT/CMakeFiles/CMakeTmp

Run Build Command(s):C:/Program Files (x86)/Microsoft Visual Studio/2019/Community/MSBuild/Current/Bin/MSBuild.exe cmTC_8962b.vcxproj /p:Configuration=Debug /p:Platform=x64 /p:VisualStudioVersion=16.0 /v:m && Microsoft (R) Build Engine version 16.8.2+25e4d540b for .NET Framework
Copyright (C) Microsoft Corporation. All rights reserved.

  Microsoft (R) C/C++ Optimizing Compiler Version 19.28.29335 for x64
  Copyright (C) Microsoft Corporation.  All rights reserved.
  cl /c /Zi /W3 /WX- /diagnostics:column /Od /Ob0 /D WIN32 /D _WINDOWS /D HAVE_NO_DEPRECATED /D "CMAKE_INTDIR=\"Debug\"" /D _MBCS /Gm- /EHsc /RTC1 /MDd /GS /fp:precise /Zc:wchar_t /Zc:forScope /Zc:inline /GR /Fo"cmTC_8962b.dir\Debug\\" /Fd"cmTC_8962b.dir\Debug\vc142.pdb" /Gd /TP /errorReport:queue  -Wno-deprecated "E:\Projects\Github\cmp5359-cg-milestones-20-21-JamesPhilipPrice\Code\PBRT\PBRT\CMakeFiles\CMakeTmp\src.cxx"
cl : command line error D8021: invalid numeric argument '/Wno-deprecated' [E:\Projects\Github\cmp5359-cg-milestones-20-21-JamesPhilipPrice\Code\PBRT\PBRT\CMakeFiles\CMakeTmp\cmTC_8962b.vcxproj]


Source file was:
int main() { return 0; }
Performing C++ SOURCE FILE Test HAVE_NO_UNNAMED_TYPE_TEMPLATE_ARGS failed with the following output:
Change Dir: E:/Projects/Github/cmp5359-cg-milestones-20-21-JamesPhilipPrice/Code/PBRT/PBRT/CMakeFiles/CMakeTmp

Run Build Command(s):C:/Program Files (x86)/Microsoft Visual Studio/2019/Community/MSBuild/Current/Bin/MSBuild.exe cmTC_6db90.vcxproj /p:Configuration=Debug /p:Platform=x64 /p:VisualStudioVersion=16.0 /v:m && Microsoft (R) Build Engine version 16.8.2+25e4d540b for .NET Framework
Copyright (C) Microsoft Corporation. All rights reserved.

  Microsoft (R) C/C++ Optimizing Compiler Version 19.28.29335 for x64
  Copyright (C) Microsoft Corporation.  All rights reserved.
  cl /c /Zi /W3 /WX- /diagnostics:column /Od /Ob0 /D WIN32 /D _WINDOWS /D HAVE_NO_UNNAMED_TYPE_TEMPLATE_ARGS /D "CMAKE_INTDIR=\"Debug\"" /D _MBCS /Gm- /EHsc /RTC1 /MDd /GS /fp:precise /Zc:wchar_t /Zc:forScope /Zc:inline /GR /Fo"cmTC_6db90.dir\Debug\\" /Fd"cmTC_6db90.dir\Debug\vc142.pdb" /Gd /TP /errorReport:queue  -Wno-unnamed-type-template-args "E:\Projects\Github\cmp5359-cg-milestones-20-21-JamesPhilipPrice\Code\PBRT\PBRT\CMakeFiles\CMakeTmp\src.cxx"
cl : command line error D8021: invalid numeric argument '/Wno-unnamed-type-template-args' [E:\Projects\Github\cmp5359-cg-milestones-20-21-JamesPhilipPrice\Code\PBRT\PBRT\CMakeFiles\CMakeTmp\cmTC_6db90.vcxproj]


Source file was:
int main() { return 0; }
Determining if the function get_static_proc_name exists in the unwind failed with the following output:
Change Dir: E:/Projects/Github/cmp5359-cg-milestones-20-21-JamesPhilipPrice/Code/PBRT/PBRT/CMakeFiles/CMakeTmp

Run Build Command(s):C:/Program Files (x86)/Microsoft Visual Studio/2019/Community/MSBuild/Current/Bin/MSBuild.exe cmTC_8f547.vcxproj /p:Configuration=Debug /p:Platform=x64 /p:VisualStudioVersion=16.0 /v:m && Microsoft (R) Build Engine version 16.8.2+25e4d540b for .NET Framework
Copyright (C) Microsoft Corporation. All rights reserved.

  Microsoft (R) C/C++ Optimizing Compiler Version 19.28.29335 for x64
  Copyright (C) Microsoft Corporation.  All rights reserved.
  CheckFunctionExists.c
  cl /c /Zi /W3 /WX- /diagnostics:column /Od /Ob0 /D WIN32 /D _WINDOWS /D CHECK_FUNCTION_EXISTS=get_static_proc_name /D "CMAKE_INTDIR=\"Debug\"" /D _MBCS /Gm- /RTC1 /MDd /GS /fp:precise /Zc:wchar_t /Zc:forScope /Zc:inline /Fo"cmTC_8f547.dir\Debug\\" /Fd"cmTC_8f547.dir\Debug\vc142.pdb" /Gd /TC /errorReport:queue "C:\Program Files\CMake\share\cmake-3.19\Modules\CheckFunctionExists.c"
LINK : fatal error LNK1104: cannot open file 'unwind.lib' [E:\Projects\Github\cmp5359-cg-milestones-20-21-JamesPhilipPrice\Code\PBRT\PBRT\CMakeFiles\CMakeTmp\cmTC_8f547.vcxproj]



Performing C SOURCE FILE Test HAVE___ATTRIBUTE__ failed with the following output:
Change Dir: E:/Projects/Github/cmp5359-cg-milestones-20-21-JamesPhilipPrice/Code/PBRT/PBRT/CMakeFiles/CMakeTmp

Run Build Command(s):C:/Program Files (x86)/Microsoft Visual Studio/2019/Community/MSBuild/Current/Bin/MSBuild.exe cmTC_94b01.vcxproj /p:Configuration=Debug /p:Platform=x64 /p:VisualStudioVersion=16.0 /v:m && Microsoft (R) Build Engine version 16.8.2+25e4d540b for .NET Framework
Copyright (C) Microsoft Corporation. All rights reserved.

  Microsoft (R) C/C++ Optimizing Compiler Version 19.28.29335 for x64
  Copyright (C) Microsoft Corporation.  All rights reserved.
  src.c
  cl /c /Zi /W3 /WX- /diagnostics:column /Od /Ob0 /D WIN32 /D _WINDOWS /D HAVE___ATTRIBUTE__ /D "CMAKE_INTDIR=\"Debug\"" /D _MBCS /Gm- /RTC1 /MDd /GS /fp:precise /Zc:wchar_t /Zc:forScope /Zc:inline /Fo"cmTC_94b01.dir\Debug\\" /Fd"cmTC_94b01.dir\Debug\vc142.pdb" /Gd /TC /errorReport:queue "E:\Projects\Github\cmp5359-cg-milestones-20-21-JamesPhilipPrice\Code\PBRT\PBRT\CMakeFiles\CMakeTmp\src.c"
E:\Projects\Github\cmp5359-cg-milestones-20-21-JamesPhilipPrice\Code\PBRT\PBRT\CMakeFiles\CMakeTmp\src.c(3,23): error C2061: syntax error: identifier '__attribute__' [E:\Projects\Github\cmp5359-cg-milestones-20-21-JamesPhilipPrice\Code\PBRT\PBRT\CMakeFiles\CMakeTmp\cmTC_94b01.vcxproj]
E:\Projects\Github\cmp5359-cg-milestones-20-21-JamesPhilipPrice\Code\PBRT\PBRT\CMakeFiles\CMakeTmp\src.c(3,23): error C2059: syntax error: ';' [E:\Projects\Github\cmp5359-cg-milestones-20-21-JamesPhilipPrice\Code\PBRT\PBRT\CMakeFiles\CMakeTmp\cmTC_94b01.vcxproj]


Source file was:

#include <stdlib.h>
static void foo(void) __attribute__ ((unused));
int main(void) { return 0; }

Performing C SOURCE FILE Test HAVE___ATTRIBUTE__VISIBILITY_DEFAULT failed with the following output:
Change Dir: E:/Projects/Github/cmp5359-cg-milestones-20-21-JamesPhilipPrice/Code/PBRT/PBRT/CMakeFiles/CMakeTmp

Run Build Command(s):C:/Program Files (x86)/Microsoft Visual Studio/2019/Community/MSBuild/Current/Bin/MSBuild.exe cmTC_4c171.vcxproj /p:Configuration=Debug /p:Platform=x64 /p:VisualStudioVersion=16.0 /v:m && Microsoft (R) Build Engine version 16.8.2+25e4d540b for .NET Framework
Copyright (C) Microsoft Corporation. All rights reserved.

  Microsoft (R) C/C++ Optimizing Compiler Version 19.28.29335 for x64
  Copyright (C) Microsoft Corporation.  All rights reserved.
  src.c
  cl /c /Zi /W3 /WX- /diagnostics:column /Od /Ob0 /D WIN32 /D _WINDOWS /D HAVE___ATTRIBUTE__VISIBILITY_DEFAULT /D "CMAKE_INTDIR=\"Debug\"" /D _MBCS /Gm- /RTC1 /MDd /GS /fp:precise /Zc:wchar_t /Zc:forScope /Zc:inline /Fo"cmTC_4c171.dir\Debug\\" /Fd"cmTC_4c171.dir\Debug\vc142.pdb" /Gd /TC /errorReport:queue "E:\Projects\Github\cmp5359-cg-milestones-20-21-JamesPhilipPrice\Code\PBRT\PBRT\CMakeFiles\CMakeTmp\src.c"
E:\Projects\Github\cmp5359-cg-milestones-20-21-JamesPhilipPrice\Code\PBRT\PBRT\CMakeFiles\CMakeTmp\src.c(3,23): error C2061: syntax error: identifier '__attribute__' [E:\Projects\Github\cmp5359-cg-milestones-20-21-JamesPhilipPrice\Code\PBRT\PBRT\CMakeFiles\CMakeTmp\cmTC_4c171.vcxproj]
E:\Projects\Github\cmp5359-cg-milestones-20-21-JamesPhilipPrice\Code\PBRT\PBRT\CMakeFiles\CMakeTmp\src.c(3,23): error C2059: syntax error: ';' [E:\Projects\Github\cmp5359-cg-milestones-20-21-JamesPhilipPrice\Code\PBRT\PBRT\CMakeFiles\CMakeTmp\cmTC_4c171.vcxproj]
E:\Projects\Github\cmp5359-cg-milestones-20-21-JamesPhilipPrice\Code\PBRT\PBRT\CMakeFiles\CMakeTmp\src.c(3,50): error C2143: syntax error: missing ')' before 'string' [E:\Projects\Github\cmp5359-cg-milestones-20-21-JamesPhilipPrice\Code\PBRT\PBRT\CMakeFiles\CMakeTmp\cmTC_4c171.vcxproj]
E:\Projects\Github\cmp5359-cg-milestones-20-21-JamesPhilipPrice\Code\PBRT\PBRT\CMakeFiles\CMakeTmp\src.c(3,59): error C2059: syntax error: ')' [E:\Projects\Github\cmp5359-cg-milestones-20-21-JamesPhilipPrice\Code\PBRT\PBRT\CMakeFiles\CMakeTmp\cmTC_4c171.vcxproj]
E:\Projects\Github\cmp5359-cg-milestones-20-21-JamesPhilipPrice\Code\PBRT\PBRT\CMakeFiles\CMakeTmp\src.c(3,60): error C2059: syntax error: ')' [E:\Projects\Github\cmp5359-cg-milestones-20-21-JamesPhilipPrice\Code\PBRT\PBRT\CMakeFiles\CMakeTmp\cmTC_4c171.vcxproj]
E:\Projects\Github\cmp5359-cg-milestones-20-21-JamesPhilipPrice\Code\PBRT\PBRT\CMakeFiles\CMakeTmp\src.c(3,61): error C2059: syntax error: ')' [E:\Projects\Github\cmp5359-cg-milestones-20-21-JamesPhilipPrice\Code\PBRT\PBRT\CMakeFiles\CMakeTmp\cmTC_4c171.vcxproj]


Source file was:

#include <stdlib.h>
static void foo(void) __attribute__ ((visibility("default")));
int main(void) { return 0; }

Performing C SOURCE FILE Test HAVE___ATTRIBUTE__VISIBILITY_HIDDEN failed with the following output:
Change Dir: E:/Projects/Github/cmp5359-cg-milestones-20-21-JamesPhilipPrice/Code/PBRT/PBRT/CMakeFiles/CMakeTmp

Run Build Command(s):C:/Program Files (x86)/Microsoft Visual Studio/2019/Community/MSBuild/Current/Bin/MSBuild.exe cmTC_ee15b.vcxproj /p:Configuration=Debug /p:Platform=x64 /p:VisualStudioVersion=16.0 /v:m && Microsoft (R) Build Engine version 16.8.2+25e4d540b for .NET Framework
Copyright (C) Microsoft Corporation. All rights reserved.

  Microsoft (R) C/C++ Optimizing Compiler Version 19.28.29335 for x64
  Copyright (C) Microsoft Corporation.  All rights reserved.
  src.c
  cl /c /Zi /W3 /WX- /diagnostics:column /Od /Ob0 /D WIN32 /D _WINDOWS /D HAVE___ATTRIBUTE__VISIBILITY_HIDDEN /D "CMAKE_INTDIR=\"Debug\"" /D _MBCS /Gm- /RTC1 /MDd /GS /fp:precise /Zc:wchar_t /Zc:forScope /Zc:inline /Fo"cmTC_ee15b.dir\Debug\\" /Fd"cmTC_ee15b.dir\Debug\vc142.pdb" /Gd /TC /errorReport:queue "E:\Projects\Github\cmp5359-cg-milestones-20-21-JamesPhilipPrice\Code\PBRT\PBRT\CMakeFiles\CMakeTmp\src.c"
E:\Projects\Github\cmp5359-cg-milestones-20-21-JamesPhilipPrice\Code\PBRT\PBRT\CMakeFiles\CMakeTmp\src.c(3,23): error C2061: syntax error: identifier '__attribute__' [E:\Projects\Github\cmp5359-cg-milestones-20-21-JamesPhilipPrice\Code\PBRT\PBRT\CMakeFiles\CMakeTmp\cmTC_ee15b.vcxproj]
E:\Projects\Github\cmp5359-cg-milestones-20-21-JamesPhilipPrice\Code\PBRT\PBRT\CMakeFiles\CMakeTmp\src.c(3,23): error C2059: syntax error: ';' [E:\Projects\Github\cmp5359-cg-milestones-20-21-JamesPhilipPrice\Code\PBRT\PBRT\CMakeFiles\CMakeTmp\cmTC_ee15b.vcxproj]
E:\Projects\Github\cmp5359-cg-milestones-20-21-JamesPhilipPrice\Code\PBRT\PBRT\CMakeFiles\CMakeTmp\src.c(3,50): error C2143: syntax error: missing ')' before 'string' [E:\Projects\Github\cmp5359-cg-milestones-20-21-JamesPhilipPrice\Code\PBRT\PBRT\CMakeFiles\CMakeTmp\cmTC_ee15b.vcxproj]
E:\Projects\Github\cmp5359-cg-milestones-20-21-JamesPhilipPrice\Code\PBRT\PBRT\CMakeFiles\CMakeTmp\src.c(3,58): error C2059: syntax error: ')' [E:\Projects\Github\cmp5359-cg-milestones-20-21-JamesPhilipPrice\Code\PBRT\PBRT\CMakeFiles\CMakeTmp\cmTC_ee15b.vcxproj]
E:\Projects\Github\cmp5359-cg-milestones-20-21-JamesPhilipPrice\Code\PBRT\PBRT\CMakeFiles\CMakeTmp\src.c(3,59): error C2059: syntax error: ')' [E:\Projects\Github\cmp5359-cg-milestones-20-21-JamesPhilipPrice\Code\PBRT\PBRT\CMakeFiles\CMakeTmp\cmTC_ee15b.vcxproj]
E:\Projects\Github\cmp5359-cg-milestones-20-21-JamesPhilipPrice\Code\PBRT\PBRT\CMakeFiles\CMakeTmp\src.c(3,60): error C2059: syntax error: ')' [E:\Projects\Github\cmp5359-cg-milestones-20-21-JamesPhilipPrice\Code\PBRT\PBRT\CMakeFiles\CMakeTmp\cmTC_ee15b.vcxproj]


Source file was:

#include <stdlib.h>
static void foo(void) __attribute__ ((visibility("hidden")));
int main(void) { return 0; }

Performing C SOURCE FILE Test HAVE___BUILTIN_EXPECT failed with the following output:
Change Dir: E:/Projects/Github/cmp5359-cg-milestones-20-21-JamesPhilipPrice/Code/PBRT/PBRT/CMakeFiles/CMakeTmp

Run Build Command(s):C:/Program Files (x86)/Microsoft Visual Studio/2019/Community/MSBuild/Current/Bin/MSBuild.exe cmTC_6efb7.vcxproj /p:Configuration=Debug /p:Platform=x64 /p:VisualStudioVersion=16.0 /v:m && Microsoft (R) Build Engine version 16.8.2+25e4d540b for .NET Framework
Copyright (C) Microsoft Corporation. All rights reserved.

  Microsoft (R) C/C++ Optimizing Compiler Version 19.28.29335 for x64
  Copyright (C) Microsoft Corporation.  All rights reserved.
  src.c
  cl /c /Zi /W3 /WX- /diagnostics:column /Od /Ob0 /D WIN32 /D _WINDOWS /D HAVE___BUILTIN_EXPECT /D "CMAKE_INTDIR=\"Debug\"" /D _MBCS /Gm- /RTC1 /MDd /GS /fp:precise /Zc:wchar_t /Zc:forScope /Zc:inline /Fo"cmTC_6efb7.dir\Debug\\" /Fd"cmTC_6efb7.dir\Debug\vc142.pdb" /Gd /TC /errorReport:queue "E:\Projects\Github\cmp5359-cg-milestones-20-21-JamesPhilipPrice\Code\PBRT\PBRT\CMakeFiles\CMakeTmp\src.c"
E:\Projects\Github\cmp5359-cg-milestones-20-21-JamesPhilipPrice\Code\PBRT\PBRT\CMakeFiles\CMakeTmp\src.c(2,38): warning C4013: '__builtin_expect' undefined; assuming extern returning int [E:\Projects\Github\cmp5359-cg-milestones-20-21-JamesPhilipPrice\Code\PBRT\PBRT\CMakeFiles\CMakeTmp\cmTC_6efb7.vcxproj]
src.obj : error LNK2019: unresolved external symbol __builtin_expect referenced in function main [E:\Projects\Github\cmp5359-cg-milestones-20-21-JamesPhilipPrice\Code\PBRT\PBRT\CMakeFiles\CMakeTmp\cmTC_6efb7.vcxproj]
E:\Projects\Github\cmp5359-cg-milestones-20-21-JamesPhilipPrice\Code\PBRT\PBRT\CMakeFiles\CMakeTmp\Debug\cmTC_6efb7.exe : fatal error LNK1120: 1 unresolved externals [E:\Projects\Github\cmp5359-cg-milestones-20-21-JamesPhilipPrice\Code\PBRT\PBRT\CMakeFiles\CMakeTmp\cmTC_6efb7.vcxproj]


Source file was:

int main(void) { if (__builtin_expect(0, 0)) return 1; return 0; }

Performing C SOURCE FILE Test HAVE___SYNC_VAL_COMPARE_AND_SWAP failed with the following output:
Change Dir: E:/Projects/Github/cmp5359-cg-milestones-20-21-JamesPhilipPrice/Code/PBRT/PBRT/CMakeFiles/CMakeTmp

Run Build Command(s):C:/Program Files (x86)/Microsoft Visual Studio/2019/Community/MSBuild/Current/Bin/MSBuild.exe cmTC_2fdd0.vcxproj /p:Configuration=Debug /p:Platform=x64 /p:VisualStudioVersion=16.0 /v:m && Microsoft (R) Build Engine version 16.8.2+25e4d540b for .NET Framework
Copyright (C) Microsoft Corporation. All rights reserved.

  Microsoft (R) C/C++ Optimizing Compiler Version 19.28.29335 for x64
  Copyright (C) Microsoft Corporation.  All rights reserved.
  src.c
  cl /c /Zi /W3 /WX- /diagnostics:column /Od /Ob0 /D WIN32 /D _WINDOWS /D HAVE___SYNC_VAL_COMPARE_AND_SWAP /D "CMAKE_INTDIR=\"Debug\"" /D _MBCS /Gm- /RTC1 /MDd /GS /fp:precise /Zc:wchar_t /Zc:forScope /Zc:inline /Fo"cmTC_2fdd0.dir\Debug\\" /Fd"cmTC_2fdd0.dir\Debug\vc142.pdb" /Gd /TC /errorReport:queue "E:\Projects\Github\cmp5359-cg-milestones-20-21-JamesPhilipPrice\Code\PBRT\PBRT\CMakeFiles\CMakeTmp\src.c"
E:\Projects\Github\cmp5359-cg-milestones-20-21-JamesPhilipPrice\Code\PBRT\PBRT\CMakeFiles\CMakeTmp\src.c(4,41): warning C4013: '__sync_val_compare_and_swap' undefined; assuming extern returning int [E:\Projects\Github\cmp5359-cg-milestones-20-21-JamesPhilipPrice\Code\PBRT\PBRT\CMakeFiles\CMakeTmp\cmTC_2fdd0.vcxproj]
src.obj : error LNK2019: unresolved external symbol __sync_val_compare_and_swap referenced in function main [E:\Projects\Github\cmp5359-cg-milestones-20-21-JamesPhilipPrice\Code\PBRT\PBRT\CMakeFiles\CMakeTmp\cmTC_2fdd0.vcxproj]
E:\Projects\Github\cmp5359-cg-milestones-20-21-JamesPhilipPrice\Code\PBRT\PBRT\CMakeFiles\CMakeTmp\Debug\cmTC_2fdd0.exe : fatal error LNK1120: 1 unresolved externals [E:\Projects\Github\cmp5359-cg-milestones-20-21-JamesPhilipPrice\Code\PBRT\PBRT\CMakeFiles\CMakeTmp\cmTC_2fdd0.vcxproj]


Source file was:

int main(void)
{
  int a; if (__sync_val_compare_and_swap(&a, 0, 1)) return 1; return 0;
}

Performing C SOURCE FILE Test HAVE_RWLOCK failed with the following output:
Change Dir: E:/Projects/Github/cmp5359-cg-milestones-20-21-JamesPhilipPrice/Code/PBRT/PBRT/CMakeFiles/CMakeTmp

Run Build Command(s):C:/Program Files (x86)/Microsoft Visual Studio/2019/Community/MSBuild/Current/Bin/MSBuild.exe cmTC_848c1.vcxproj /p:Configuration=Debug /p:Platform=x64 /p:VisualStudioVersion=16.0 /v:m && Microsoft (R) Build Engine version 16.8.2+25e4d540b for .NET Framework
Copyright (C) Microsoft Corporation. All rights reserved.

  Microsoft (R) C/C++ Optimizing Compiler Version 19.28.29335 for x64
  Copyright (C) Microsoft Corporation.  All rights reserved.
  src.c
  cl /c /Zi /W3 /WX- /diagnostics:column /Od /Ob0 /D WIN32 /D _WINDOWS /D HAVE_RWLOCK /D "CMAKE_INTDIR=\"Debug\"" /D _MBCS /Gm- /RTC1 /MDd /GS /fp:precise /Zc:wchar_t /Zc:forScope /Zc:inline /Fo"cmTC_848c1.dir\Debug\\" /Fd"cmTC_848c1.dir\Debug\vc142.pdb" /Gd /TC /errorReport:queue "E:\Projects\Github\cmp5359-cg-milestones-20-21-JamesPhilipPrice\Code\PBRT\PBRT\CMakeFiles\CMakeTmp\src.c"
E:\Projects\Github\cmp5359-cg-milestones-20-21-JamesPhilipPrice\Code\PBRT\PBRT\CMakeFiles\CMakeTmp\src.c(3,10): fatal error C1083: Cannot open include file: 'pthread.h': No such file or directory [E:\Projects\Github\cmp5359-cg-milestones-20-21-JamesPhilipPrice\Code\PBRT\PBRT\CMakeFiles\CMakeTmp\cmTC_848c1.vcxproj]


Source file was:

#define _XOPEN_SOURCE 500
#include <pthread.h>
int main(void)
{
  pthread_rwlock_t l;
  pthread_rwlock_init(&l, NULL);
  pthread_rwlock_rdlock(&l);
  return 0;
}

Performing C++ SOURCE FILE Test STL_NO_NAMESPACE failed with the following output:
Change Dir: E:/Projects/Github/cmp5359-cg-milestones-20-21-JamesPhilipPrice/Code/PBRT/PBRT/CMakeFiles/CMakeTmp

Run Build Command(s):C:/Program Files (x86)/Microsoft Visual Studio/2019/Community/MSBuild/Current/Bin/MSBuild.exe cmTC_2fc23.vcxproj /p:Configuration=Debug /p:Platform=x64 /p:VisualStudioVersion=16.0 /v:m && Microsoft (R) Build Engine version 16.8.2+25e4d540b for .NET Framework
Copyright (C) Microsoft Corporation. All rights reserved.

  Microsoft (R) C/C++ Optimizing Compiler Version 19.28.29335 for x64
  Copyright (C) Microsoft Corporation.  All rights reserved.
  src.cxx
  cl /c /Zi /W3 /WX- /diagnostics:column /Od /Ob0 /D WIN32 /D _WINDOWS /D STL_NO_NAMESPACE /D "CMAKE_INTDIR=\"Debug\"" /D _MBCS /Gm- /EHsc /RTC1 /MDd /GS /fp:precise /Zc:wchar_t /Zc:forScope /Zc:inline /GR /Fo"cmTC_2fc23.dir\Debug\\" /Fd"cmTC_2fc23.dir\Debug\vc142.pdb" /Gd /TP /errorReport:queue "E:\Projects\Github\cmp5359-cg-milestones-20-21-JamesPhilipPrice\Code\PBRT\PBRT\CMakeFiles\CMakeTmp\src.cxx"
E:\Projects\Github\cmp5359-cg-milestones-20-21-JamesPhilipPrice\Code\PBRT\PBRT\CMakeFiles\CMakeTmp\src.cxx(3,7): error C2143: syntax error: missing ';' before '<' [E:\Projects\Github\cmp5359-cg-milestones-20-21-JamesPhilipPrice\Code\PBRT\PBRT\CMakeFiles\CMakeTmp\cmTC_2fc23.vcxproj]
E:\Projects\Github\cmp5359-cg-milestones-20-21-JamesPhilipPrice\Code\PBRT\PBRT\CMakeFiles\CMakeTmp\src.cxx(3,7): error C4430: missing type specifier - int assumed. Note: C++ does not support default-int [E:\Projects\Github\cmp5359-cg-milestones-20-21-JamesPhilipPrice\Code\PBRT\PBRT\CMakeFiles\CMakeTmp\cmTC_2fc23.vcxproj]


Source file was:

#include <vector>
vector<int> t; int main() { }

